CRITICAL - 2023-02-15 14:58:46 --> The framework needs the following extension(s) installed and loaded: intl.
in SYSTEMPATH\CodeIgniter.php on line 226.
 1 SYSTEMPATH\CodeIgniter.php(226): CodeIgniter\Exceptions\FrameworkException::forMissingExtension('intl')
 2 SYSTEMPATH\CodeIgniter.php(190): CodeIgniter\CodeIgniter->resolvePlatformExtensions()
 3 FCPATH\index.php(55): CodeIgniter\CodeIgniter->initialize()
CRITICAL - 2023-02-15 15:01:15 --> The framework needs the following extension(s) installed and loaded: intl.
in SYSTEMPATH\CodeIgniter.php on line 226.
 1 SYSTEMPATH\CodeIgniter.php(226): CodeIgniter\Exceptions\FrameworkException::forMissingExtension('intl')
 2 SYSTEMPATH\CodeIgniter.php(190): CodeIgniter\CodeIgniter->resolvePlatformExtensions()
 3 FCPATH\index.php(55): CodeIgniter\CodeIgniter->initialize()
CRITICAL - 2023-02-15 14:24:06 --> Invalid file: "cantantes.Crear"
in SYSTEMPATH\Exceptions\FrameworkException.php on line 33.
 1 SYSTEMPATH\View\View.php(201): CodeIgniter\Exceptions\FrameworkException::forInvalidFile('cantantes.Crear')
 2 SYSTEMPATH\Common.php(1177): CodeIgniter\View\View->render('cantantes.Crear', [], true)
 3 APPPATH\Controllers\CantanteController.php(13): view('cantantes.Crear')
 4 SYSTEMPATH\CodeIgniter.php(934): App\Controllers\CantanteController->index()
 5 SYSTEMPATH\CodeIgniter.php(499): CodeIgniter\CodeIgniter->runController(Object(App\Controllers\CantanteController))
 6 SYSTEMPATH\CodeIgniter.php(368): CodeIgniter\CodeIgniter->handleRequest(null, Object(Config\Cache), false)
 7 FCPATH\index.php(67): CodeIgniter\CodeIgniter->run()
CRITICAL - 2023-02-15 14:26:20 --> Invalid file: "cantantes.Crear"
in SYSTEMPATH\Exceptions\FrameworkException.php on line 33.
 1 SYSTEMPATH\View\View.php(201): CodeIgniter\Exceptions\FrameworkException::forInvalidFile('cantantes.Crear')
 2 SYSTEMPATH\Common.php(1177): CodeIgniter\View\View->render('cantantes.Crear', [], true)
 3 APPPATH\Controllers\CantanteController.php(13): view('cantantes.Crear')
 4 SYSTEMPATH\CodeIgniter.php(934): App\Controllers\CantanteController->index()
 5 SYSTEMPATH\CodeIgniter.php(499): CodeIgniter\CodeIgniter->runController(Object(App\Controllers\CantanteController))
 6 SYSTEMPATH\CodeIgniter.php(368): CodeIgniter\CodeIgniter->handleRequest(null, Object(Config\Cache), false)
 7 FCPATH\index.php(67): CodeIgniter\CodeIgniter->run()
CRITICAL - 2023-02-15 14:26:54 --> Invalid file: "cantantes.Crear"
in SYSTEMPATH\Exceptions\FrameworkException.php on line 33.
 1 SYSTEMPATH\View\View.php(201): CodeIgniter\Exceptions\FrameworkException::forInvalidFile('cantantes.Crear')
 2 SYSTEMPATH\Common.php(1177): CodeIgniter\View\View->render('cantantes.Crear', [], true)
 3 APPPATH\Controllers\CantanteController.php(13): view('cantantes.Crear')
 4 SYSTEMPATH\CodeIgniter.php(934): App\Controllers\CantanteController->index()
 5 SYSTEMPATH\CodeIgniter.php(499): CodeIgniter\CodeIgniter->runController(Object(App\Controllers\CantanteController))
 6 SYSTEMPATH\CodeIgniter.php(368): CodeIgniter\CodeIgniter->handleRequest(null, Object(Config\Cache), false)
 7 FCPATH\index.php(67): CodeIgniter\CodeIgniter->run()
CRITICAL - 2023-02-15 14:32:12 --> Invalid file: "cantantes.listar"
in SYSTEMPATH\Exceptions\FrameworkException.php on line 33.
 1 SYSTEMPATH\View\View.php(201): CodeIgniter\Exceptions\FrameworkException::forInvalidFile('cantantes.listar')
 2 SYSTEMPATH\Common.php(1177): CodeIgniter\View\View->render('cantantes.listar', [], true)
 3 APPPATH\Controllers\CantanteController.php(13): view('cantantes.listar')
 4 SYSTEMPATH\CodeIgniter.php(934): App\Controllers\CantanteController->index()
 5 SYSTEMPATH\CodeIgniter.php(499): CodeIgniter\CodeIgniter->runController(Object(App\Controllers\CantanteController))
 6 SYSTEMPATH\CodeIgniter.php(368): CodeIgniter\CodeIgniter->handleRequest(null, Object(Config\Cache), false)
 7 FCPATH\index.php(67): CodeIgniter\CodeIgniter->run()
CRITICAL - 2023-02-15 14:41:53 --> Call to undefined method App\Models\Cantante::finAl
in SYSTEMPATH\Model.php on line 841.
 1 APPPATH\Controllers\CantanteController.php(14): CodeIgniter\Model->__call('finAl', [])
 2 SYSTEMPATH\CodeIgniter.php(934): App\Controllers\CantanteController->index()
 3 SYSTEMPATH\CodeIgniter.php(499): CodeIgniter\CodeIgniter->runController(Object(App\Controllers\CantanteController))
 4 SYSTEMPATH\CodeIgniter.php(368): CodeIgniter\CodeIgniter->handleRequest(null, Object(Config\Cache), false)
 5 FCPATH\index.php(67): CodeIgniter\CodeIgniter->run()
CRITICAL - 2023-02-15 14:42:02 --> Call to undefined method App\Models\Cantante::finAl
in SYSTEMPATH\Model.php on line 841.
 1 APPPATH\Controllers\CantanteController.php(14): CodeIgniter\Model->__call('finAl', [])
 2 SYSTEMPATH\CodeIgniter.php(934): App\Controllers\CantanteController->index()
 3 SYSTEMPATH\CodeIgniter.php(499): CodeIgniter\CodeIgniter->runController(Object(App\Controllers\CantanteController))
 4 SYSTEMPATH\CodeIgniter.php(368): CodeIgniter\CodeIgniter->handleRequest(null, Object(Config\Cache), false)
 5 FCPATH\index.php(67): CodeIgniter\CodeIgniter->run()
CRITICAL - 2023-02-15 14:44:47 --> Undefined variable $cantantesInfo
in APPPATH\Views\cantantes\Listar.php on line 14.
 1 APPPATH\Views\cantantes\Listar.php(14): CodeIgniter\Debug\Exceptions->errorHandler(2, 'Undefined variable $cantantesInfo', 'APPPATH\\Views\\cantantes\\Listar.php', 14)
 2 SYSTEMPATH\View\View.php(213): include('APPPATH\\Views\\cantantes\\Listar.php')
 3 SYSTEMPATH\View\View.php(216): CodeIgniter\View\View->CodeIgniter\View\{closure}()
 4 SYSTEMPATH\Common.php(1177): CodeIgniter\View\View->render('cantantes/Listar', [], true)
 5 APPPATH\Controllers\CantanteController.php(15): view('cantantes/Listar', [...])
 6 SYSTEMPATH\CodeIgniter.php(934): App\Controllers\CantanteController->index()
 7 SYSTEMPATH\CodeIgniter.php(499): CodeIgniter\CodeIgniter->runController(Object(App\Controllers\CantanteController))
 8 SYSTEMPATH\CodeIgniter.php(368): CodeIgniter\CodeIgniter->handleRequest(null, Object(Config\Cache), false)
 9 FCPATH\index.php(67): CodeIgniter\CodeIgniter->run()
CRITICAL - 2023-02-15 14:45:05 --> Undefined variable $cantantesInfo
in APPPATH\Views\cantantes\Listar.php on line 14.
 1 APPPATH\Views\cantantes\Listar.php(14): CodeIgniter\Debug\Exceptions->errorHandler(2, 'Undefined variable $cantantesInfo', 'APPPATH\\Views\\cantantes\\Listar.php', 14)
 2 SYSTEMPATH\View\View.php(213): include('APPPATH\\Views\\cantantes\\Listar.php')
 3 SYSTEMPATH\View\View.php(216): CodeIgniter\View\View->CodeIgniter\View\{closure}()
 4 SYSTEMPATH\Common.php(1177): CodeIgniter\View\View->render('cantantes/Listar', [], true)
 5 APPPATH\Controllers\CantanteController.php(15): view('cantantes/Listar', [...])
 6 SYSTEMPATH\CodeIgniter.php(934): App\Controllers\CantanteController->index()
 7 SYSTEMPATH\CodeIgniter.php(499): CodeIgniter\CodeIgniter->runController(Object(App\Controllers\CantanteController))
 8 SYSTEMPATH\CodeIgniter.php(368): CodeIgniter\CodeIgniter->handleRequest(null, Object(Config\Cache), false)
 9 FCPATH\index.php(67): CodeIgniter\CodeIgniter->run()
CRITICAL - 2023-02-15 14:45:07 --> Undefined variable $cantantesInfo
in APPPATH\Views\cantantes\Listar.php on line 14.
 1 APPPATH\Views\cantantes\Listar.php(14): CodeIgniter\Debug\Exceptions->errorHandler(2, 'Undefined variable $cantantesInfo', 'APPPATH\\Views\\cantantes\\Listar.php', 14)
 2 SYSTEMPATH\View\View.php(213): include('APPPATH\\Views\\cantantes\\Listar.php')
 3 SYSTEMPATH\View\View.php(216): CodeIgniter\View\View->CodeIgniter\View\{closure}()
 4 SYSTEMPATH\Common.php(1177): CodeIgniter\View\View->render('cantantes/Listar', [], true)
 5 APPPATH\Controllers\CantanteController.php(15): view('cantantes/Listar', [...])
 6 SYSTEMPATH\CodeIgniter.php(934): App\Controllers\CantanteController->index()
 7 SYSTEMPATH\CodeIgniter.php(499): CodeIgniter\CodeIgniter->runController(Object(App\Controllers\CantanteController))
 8 SYSTEMPATH\CodeIgniter.php(368): CodeIgniter\CodeIgniter->handleRequest(null, Object(Config\Cache), false)
 9 FCPATH\index.php(67): CodeIgniter\CodeIgniter->run()
CRITICAL - 2023-02-15 14:45:08 --> Undefined variable $cantantesInfo
in APPPATH\Views\cantantes\Listar.php on line 14.
 1 APPPATH\Views\cantantes\Listar.php(14): CodeIgniter\Debug\Exceptions->errorHandler(2, 'Undefined variable $cantantesInfo', 'APPPATH\\Views\\cantantes\\Listar.php', 14)
 2 SYSTEMPATH\View\View.php(213): include('APPPATH\\Views\\cantantes\\Listar.php')
 3 SYSTEMPATH\View\View.php(216): CodeIgniter\View\View->CodeIgniter\View\{closure}()
 4 SYSTEMPATH\Common.php(1177): CodeIgniter\View\View->render('cantantes/Listar', [], true)
 5 APPPATH\Controllers\CantanteController.php(15): view('cantantes/Listar', [...])
 6 SYSTEMPATH\CodeIgniter.php(934): App\Controllers\CantanteController->index()
 7 SYSTEMPATH\CodeIgniter.php(499): CodeIgniter\CodeIgniter->runController(Object(App\Controllers\CantanteController))
 8 SYSTEMPATH\CodeIgniter.php(368): CodeIgniter\CodeIgniter->handleRequest(null, Object(Config\Cache), false)
 9 FCPATH\index.php(67): CodeIgniter\CodeIgniter->run()
CRITICAL - 2023-02-15 14:46:59 --> Array to string conversion
in APPPATH\Views\cantantes\Listar.php on line 14.
 1 APPPATH\Views\cantantes\Listar.php(14): CodeIgniter\Debug\Exceptions->errorHandler(2, 'Array to string conversion', 'APPPATH\\Views\\cantantes\\Listar.php', 14)
 2 SYSTEMPATH\View\View.php(213): include('APPPATH\\Views\\cantantes\\Listar.php')
 3 SYSTEMPATH\View\View.php(216): CodeIgniter\View\View->CodeIgniter\View\{closure}()
 4 SYSTEMPATH\Common.php(1177): CodeIgniter\View\View->render('cantantes/Listar', [], true)
 5 APPPATH\Controllers\CantanteController.php(15): view('cantantes/Listar', [...])
 6 SYSTEMPATH\CodeIgniter.php(934): App\Controllers\CantanteController->index()
 7 SYSTEMPATH\CodeIgniter.php(499): CodeIgniter\CodeIgniter->runController(Object(App\Controllers\CantanteController))
 8 SYSTEMPATH\CodeIgniter.php(368): CodeIgniter\CodeIgniter->handleRequest(null, Object(Config\Cache), false)
 9 FCPATH\index.php(67): CodeIgniter\CodeIgniter->run()
CRITICAL - 2023-02-15 14:47:13 --> Undefined variable $cantantesInfo
in APPPATH\Views\cantantes\Listar.php on line 14.
 1 APPPATH\Views\cantantes\Listar.php(14): CodeIgniter\Debug\Exceptions->errorHandler(2, 'Undefined variable $cantantesInfo', 'APPPATH\\Views\\cantantes\\Listar.php', 14)
 2 SYSTEMPATH\View\View.php(213): include('APPPATH\\Views\\cantantes\\Listar.php')
 3 SYSTEMPATH\View\View.php(216): CodeIgniter\View\View->CodeIgniter\View\{closure}()
 4 SYSTEMPATH\Common.php(1177): CodeIgniter\View\View->render('cantantes/Listar', [], true)
 5 APPPATH\Controllers\CantanteController.php(15): view('cantantes/Listar', [...])
 6 SYSTEMPATH\CodeIgniter.php(934): App\Controllers\CantanteController->index()
 7 SYSTEMPATH\CodeIgniter.php(499): CodeIgniter\CodeIgniter->runController(Object(App\Controllers\CantanteController))
 8 SYSTEMPATH\CodeIgniter.php(368): CodeIgniter\CodeIgniter->handleRequest(null, Object(Config\Cache), false)
 9 FCPATH\index.php(67): CodeIgniter\CodeIgniter->run()
CRITICAL - 2023-02-15 14:47:16 --> Undefined variable $cantantesInfo
in APPPATH\Views\cantantes\Listar.php on line 14.
 1 APPPATH\Views\cantantes\Listar.php(14): CodeIgniter\Debug\Exceptions->errorHandler(2, 'Undefined variable $cantantesInfo', 'APPPATH\\Views\\cantantes\\Listar.php', 14)
 2 SYSTEMPATH\View\View.php(213): include('APPPATH\\Views\\cantantes\\Listar.php')
 3 SYSTEMPATH\View\View.php(216): CodeIgniter\View\View->CodeIgniter\View\{closure}()
 4 SYSTEMPATH\Common.php(1177): CodeIgniter\View\View->render('cantantes/Listar', [], true)
 5 APPPATH\Controllers\CantanteController.php(15): view('cantantes/Listar', [...])
 6 SYSTEMPATH\CodeIgniter.php(934): App\Controllers\CantanteController->index()
 7 SYSTEMPATH\CodeIgniter.php(499): CodeIgniter\CodeIgniter->runController(Object(App\Controllers\CantanteController))
 8 SYSTEMPATH\CodeIgniter.php(368): CodeIgniter\CodeIgniter->handleRequest(null, Object(Config\Cache), false)
 9 FCPATH\index.php(67): CodeIgniter\CodeIgniter->run()
CRITICAL - 2023-02-15 14:50:16 --> Array to string conversion
in APPPATH\Views\cantantes\Listar.php on line 14.
 1 APPPATH\Views\cantantes\Listar.php(14): CodeIgniter\Debug\Exceptions->errorHandler(2, 'Array to string conversion', 'APPPATH\\Views\\cantantes\\Listar.php', 14)
 2 SYSTEMPATH\View\View.php(213): include('APPPATH\\Views\\cantantes\\Listar.php')
 3 SYSTEMPATH\View\View.php(216): CodeIgniter\View\View->CodeIgniter\View\{closure}()
 4 SYSTEMPATH\Common.php(1177): CodeIgniter\View\View->render('cantantes/Listar', [], true)
 5 APPPATH\Controllers\CantanteController.php(15): view('cantantes/Listar', [...])
 6 SYSTEMPATH\CodeIgniter.php(934): App\Controllers\CantanteController->index()
 7 SYSTEMPATH\CodeIgniter.php(499): CodeIgniter\CodeIgniter->runController(Object(App\Controllers\CantanteController))
 8 SYSTEMPATH\CodeIgniter.php(368): CodeIgniter\CodeIgniter->handleRequest(null, Object(Config\Cache), false)
 9 FCPATH\index.php(67): CodeIgniter\CodeIgniter->run()
CRITICAL - 2023-02-15 14:50:21 --> Array to string conversion
in APPPATH\Views\cantantes\Listar.php on line 14.
 1 APPPATH\Views\cantantes\Listar.php(14): CodeIgniter\Debug\Exceptions->errorHandler(2, 'Array to string conversion', 'APPPATH\\Views\\cantantes\\Listar.php', 14)
 2 SYSTEMPATH\View\View.php(213): include('APPPATH\\Views\\cantantes\\Listar.php')
 3 SYSTEMPATH\View\View.php(216): CodeIgniter\View\View->CodeIgniter\View\{closure}()
 4 SYSTEMPATH\Common.php(1177): CodeIgniter\View\View->render('cantantes/Listar', [], true)
 5 APPPATH\Controllers\CantanteController.php(15): view('cantantes/Listar', [...])
 6 SYSTEMPATH\CodeIgniter.php(934): App\Controllers\CantanteController->index()
 7 SYSTEMPATH\CodeIgniter.php(499): CodeIgniter\CodeIgniter->runController(Object(App\Controllers\CantanteController))
 8 SYSTEMPATH\CodeIgniter.php(368): CodeIgniter\CodeIgniter->handleRequest(null, Object(Config\Cache), false)
 9 FCPATH\index.php(67): CodeIgniter\CodeIgniter->run()
CRITICAL - 2023-02-15 14:50:29 --> Array to string conversion
in APPPATH\Views\cantantes\Listar.php on line 14.
 1 APPPATH\Views\cantantes\Listar.php(14): CodeIgniter\Debug\Exceptions->errorHandler(2, 'Array to string conversion', 'APPPATH\\Views\\cantantes\\Listar.php', 14)
 2 SYSTEMPATH\View\View.php(213): include('APPPATH\\Views\\cantantes\\Listar.php')
 3 SYSTEMPATH\View\View.php(216): CodeIgniter\View\View->CodeIgniter\View\{closure}()
 4 SYSTEMPATH\Common.php(1177): CodeIgniter\View\View->render('cantantes/Listar', [], true)
 5 APPPATH\Controllers\CantanteController.php(15): view('cantantes/Listar', [...])
 6 SYSTEMPATH\CodeIgniter.php(934): App\Controllers\CantanteController->index()
 7 SYSTEMPATH\CodeIgniter.php(499): CodeIgniter\CodeIgniter->runController(Object(App\Controllers\CantanteController))
 8 SYSTEMPATH\CodeIgniter.php(368): CodeIgniter\CodeIgniter->handleRequest(null, Object(Config\Cache), false)
 9 FCPATH\index.php(67): CodeIgniter\CodeIgniter->run()
CRITICAL - 2023-02-15 14:50:37 --> Array to string conversion
in APPPATH\Views\cantantes\Listar.php on line 14.
 1 APPPATH\Views\cantantes\Listar.php(14): CodeIgniter\Debug\Exceptions->errorHandler(2, 'Array to string conversion', 'APPPATH\\Views\\cantantes\\Listar.php', 14)
 2 SYSTEMPATH\View\View.php(213): include('APPPATH\\Views\\cantantes\\Listar.php')
 3 SYSTEMPATH\View\View.php(216): CodeIgniter\View\View->CodeIgniter\View\{closure}()
 4 SYSTEMPATH\Common.php(1177): CodeIgniter\View\View->render('cantantes/Listar', [], true)
 5 APPPATH\Controllers\CantanteController.php(15): view('cantantes/Listar', [...])
 6 SYSTEMPATH\CodeIgniter.php(934): App\Controllers\CantanteController->index()
 7 SYSTEMPATH\CodeIgniter.php(499): CodeIgniter\CodeIgniter->runController(Object(App\Controllers\CantanteController))
 8 SYSTEMPATH\CodeIgniter.php(368): CodeIgniter\CodeIgniter->handleRequest(null, Object(Config\Cache), false)
 9 FCPATH\index.php(67): CodeIgniter\CodeIgniter->run()
CRITICAL - 2023-02-15 14:50:48 --> Array to string conversion
in APPPATH\Views\cantantes\Listar.php on line 14.
 1 APPPATH\Views\cantantes\Listar.php(14): CodeIgniter\Debug\Exceptions->errorHandler(2, 'Array to string conversion', 'APPPATH\\Views\\cantantes\\Listar.php', 14)
 2 SYSTEMPATH\View\View.php(213): include('APPPATH\\Views\\cantantes\\Listar.php')
 3 SYSTEMPATH\View\View.php(216): CodeIgniter\View\View->CodeIgniter\View\{closure}()
 4 SYSTEMPATH\Common.php(1177): CodeIgniter\View\View->render('cantantes/Listar', [], true)
 5 APPPATH\Controllers\CantanteController.php(15): view('cantantes/Listar', [...])
 6 SYSTEMPATH\CodeIgniter.php(934): App\Controllers\CantanteController->index()
 7 SYSTEMPATH\CodeIgniter.php(499): CodeIgniter\CodeIgniter->runController(Object(App\Controllers\CantanteController))
 8 SYSTEMPATH\CodeIgniter.php(368): CodeIgniter\CodeIgniter->handleRequest(null, Object(Config\Cache), false)
 9 FCPATH\index.php(67): CodeIgniter\CodeIgniter->run()
CRITICAL - 2023-02-15 15:02:43 --> Undefined variable $titulo
in APPPATH\Views\template\Main.php on line 8.
 1 APPPATH\Views\template\Main.php(8): CodeIgniter\Debug\Exceptions->errorHandler(2, 'Undefined variable $titulo', 'APPPATH\\Views\\template\\Main.php', 8)
 2 SYSTEMPATH\View\View.php(213): include('APPPATH\\Views\\template\\Main.php')
 3 SYSTEMPATH\View\View.php(216): CodeIgniter\View\View->CodeIgniter\View\{closure}()
 4 SYSTEMPATH\Common.php(1177): CodeIgniter\View\View->render('template/Main', [], true)
 5 APPPATH\Controllers\CantanteController.php(15): view('template/Main')
 6 SYSTEMPATH\CodeIgniter.php(934): App\Controllers\CantanteController->index()
 7 SYSTEMPATH\CodeIgniter.php(499): CodeIgniter\CodeIgniter->runController(Object(App\Controllers\CantanteController))
 8 SYSTEMPATH\CodeIgniter.php(368): CodeIgniter\CodeIgniter->handleRequest(null, Object(Config\Cache), false)
 9 FCPATH\index.php(67): CodeIgniter\CodeIgniter->run()
CRITICAL - 2023-02-15 15:07:39 --> Undefined array key "fecha_de_nacimiento"
in APPPATH\Views\cantantes\Listar.php on line 20.
 1 APPPATH\Views\cantantes\Listar.php(20): CodeIgniter\Debug\Exceptions->errorHandler(2, 'Undefined array key "fecha_de_nacimiento"', 'APPPATH\\Views\\cantantes\\Listar.php', 20)
 2 SYSTEMPATH\View\View.php(213): include('APPPATH\\Views\\cantantes\\Listar.php')
 3 SYSTEMPATH\View\View.php(216): CodeIgniter\View\View->CodeIgniter\View\{closure}()
 4 SYSTEMPATH\Common.php(1177): CodeIgniter\View\View->render('cantantes/Listar', [], true)
 5 APPPATH\Controllers\CantanteController.php(18): view('cantantes/Listar', [...])
 6 SYSTEMPATH\CodeIgniter.php(934): App\Controllers\CantanteController->index()
 7 SYSTEMPATH\CodeIgniter.php(499): CodeIgniter\CodeIgniter->runController(Object(App\Controllers\CantanteController))
 8 SYSTEMPATH\CodeIgniter.php(368): CodeIgniter\CodeIgniter->handleRequest(null, Object(Config\Cache), false)
 9 FCPATH\index.php(67): CodeIgniter\CodeIgniter->run()
CRITICAL - 2023-02-15 15:07:45 --> Undefined array key "fecha_de_nacimiento"
in APPPATH\Views\cantantes\Listar.php on line 21.
 1 APPPATH\Views\cantantes\Listar.php(21): CodeIgniter\Debug\Exceptions->errorHandler(2, 'Undefined array key "fecha_de_nacimiento"', 'APPPATH\\Views\\cantantes\\Listar.php', 21)
 2 SYSTEMPATH\View\View.php(213): include('APPPATH\\Views\\cantantes\\Listar.php')
 3 SYSTEMPATH\View\View.php(216): CodeIgniter\View\View->CodeIgniter\View\{closure}()
 4 SYSTEMPATH\Common.php(1177): CodeIgniter\View\View->render('cantantes/Listar', [], true)
 5 APPPATH\Controllers\CantanteController.php(18): view('cantantes/Listar', [...])
 6 SYSTEMPATH\CodeIgniter.php(934): App\Controllers\CantanteController->index()
 7 SYSTEMPATH\CodeIgniter.php(499): CodeIgniter\CodeIgniter->runController(Object(App\Controllers\CantanteController))
 8 SYSTEMPATH\CodeIgniter.php(368): CodeIgniter\CodeIgniter->handleRequest(null, Object(Config\Cache), false)
 9 FCPATH\index.php(67): CodeIgniter\CodeIgniter->run()
CRITICAL - 2023-02-15 15:08:06 --> Undefined array key "fecha_de_nacimiento"
in APPPATH\Views\cantantes\Listar.php on line 21.
 1 APPPATH\Views\cantantes\Listar.php(21): CodeIgniter\Debug\Exceptions->errorHandler(2, 'Undefined array key "fecha_de_nacimiento"', 'APPPATH\\Views\\cantantes\\Listar.php', 21)
 2 SYSTEMPATH\View\View.php(213): include('APPPATH\\Views\\cantantes\\Listar.php')
 3 SYSTEMPATH\View\View.php(216): CodeIgniter\View\View->CodeIgniter\View\{closure}()
 4 SYSTEMPATH\Common.php(1177): CodeIgniter\View\View->render('cantantes/Listar', [], true)
 5 APPPATH\Controllers\CantanteController.php(18): view('cantantes/Listar', [...])
 6 SYSTEMPATH\CodeIgniter.php(934): App\Controllers\CantanteController->index()
 7 SYSTEMPATH\CodeIgniter.php(499): CodeIgniter\CodeIgniter->runController(Object(App\Controllers\CantanteController))
 8 SYSTEMPATH\CodeIgniter.php(368): CodeIgniter\CodeIgniter->handleRequest(null, Object(Config\Cache), false)
 9 FCPATH\index.php(67): CodeIgniter\CodeIgniter->run()
CRITICAL - 2023-02-15 15:09:22 --> Undefined array key "fecha_de_nacimiento"
in APPPATH\Views\cantantes\Listar.php on line 22.
 1 APPPATH\Views\cantantes\Listar.php(22): CodeIgniter\Debug\Exceptions->errorHandler(2, 'Undefined array key "fecha_de_nacimiento"', 'APPPATH\\Views\\cantantes\\Listar.php', 22)
 2 SYSTEMPATH\View\View.php(213): include('APPPATH\\Views\\cantantes\\Listar.php')
 3 SYSTEMPATH\View\View.php(216): CodeIgniter\View\View->CodeIgniter\View\{closure}()
 4 SYSTEMPATH\Common.php(1177): CodeIgniter\View\View->render('cantantes/Listar', [], true)
 5 APPPATH\Controllers\CantanteController.php(18): view('cantantes/Listar', [...])
 6 SYSTEMPATH\CodeIgniter.php(934): App\Controllers\CantanteController->index()
 7 SYSTEMPATH\CodeIgniter.php(499): CodeIgniter\CodeIgniter->runController(Object(App\Controllers\CantanteController))
 8 SYSTEMPATH\CodeIgniter.php(368): CodeIgniter\CodeIgniter->handleRequest(null, Object(Config\Cache), false)
 9 FCPATH\index.php(67): CodeIgniter\CodeIgniter->run()
CRITICAL - 2023-02-15 15:09:42 --> Undefined array key "fecha_de_nacimiento"
in APPPATH\Views\cantantes\Listar.php on line 22.
 1 APPPATH\Views\cantantes\Listar.php(22): CodeIgniter\Debug\Exceptions->errorHandler(2, 'Undefined array key "fecha_de_nacimiento"', 'APPPATH\\Views\\cantantes\\Listar.php', 22)
 2 SYSTEMPATH\View\View.php(213): include('APPPATH\\Views\\cantantes\\Listar.php')
 3 SYSTEMPATH\View\View.php(216): CodeIgniter\View\View->CodeIgniter\View\{closure}()
 4 SYSTEMPATH\Common.php(1177): CodeIgniter\View\View->render('cantantes/Listar', [], true)
 5 APPPATH\Controllers\CantanteController.php(18): view('cantantes/Listar', [...])
 6 SYSTEMPATH\CodeIgniter.php(934): App\Controllers\CantanteController->index()
 7 SYSTEMPATH\CodeIgniter.php(499): CodeIgniter\CodeIgniter->runController(Object(App\Controllers\CantanteController))
 8 SYSTEMPATH\CodeIgniter.php(368): CodeIgniter\CodeIgniter->handleRequest(null, Object(Config\Cache), false)
 9 FCPATH\index.php(67): CodeIgniter\CodeIgniter->run()
CRITICAL - 2023-02-15 15:23:29 --> Undefined variable $cantantesInfo
in APPPATH\Views\cantantes\Crear.php on line 18.
 1 APPPATH\Views\cantantes\Crear.php(18): CodeIgniter\Debug\Exceptions->errorHandler(2, 'Undefined variable $cantantesInfo', 'APPPATH\\Views\\cantantes\\Crear.php', 18)
 2 SYSTEMPATH\View\View.php(213): include('APPPATH\\Views\\cantantes\\Crear.php')
 3 SYSTEMPATH\View\View.php(216): CodeIgniter\View\View->CodeIgniter\View\{closure}()
 4 SYSTEMPATH\Common.php(1177): CodeIgniter\View\View->render('cantantes/Crear', [], true)
 5 APPPATH\Controllers\CantanteController.php(27): view('cantantes/Crear', [...])
 6 SYSTEMPATH\CodeIgniter.php(934): App\Controllers\CantanteController->create()
 7 SYSTEMPATH\CodeIgniter.php(499): CodeIgniter\CodeIgniter->runController(Object(App\Controllers\CantanteController))
 8 SYSTEMPATH\CodeIgniter.php(368): CodeIgniter\CodeIgniter->handleRequest(null, Object(Config\Cache), false)
 9 FCPATH\index.php(67): CodeIgniter\CodeIgniter->run()
CRITICAL - 2023-02-15 15:55:56 --> Undefined property: CodeIgniter\HTTP\IncomingRequest::$request
in APPPATH\Controllers\CantanteController.php on line 36.
 1 APPPATH\Controllers\CantanteController.php(36): CodeIgniter\Debug\Exceptions->errorHandler(2, 'Undefined property: CodeIgniter\\HTTP\\IncomingRequest::$request', 'APPPATH\\Controllers\\CantanteController.php', 36)
 2 SYSTEMPATH\CodeIgniter.php(934): App\Controllers\CantanteController->store()
 3 SYSTEMPATH\CodeIgniter.php(499): CodeIgniter\CodeIgniter->runController(Object(App\Controllers\CantanteController))
 4 SYSTEMPATH\CodeIgniter.php(368): CodeIgniter\CodeIgniter->handleRequest(null, Object(Config\Cache), false)
 5 FCPATH\index.php(67): CodeIgniter\CodeIgniter->run()
CRITICAL - 2023-02-15 15:55:58 --> Undefined property: CodeIgniter\HTTP\IncomingRequest::$request
in APPPATH\Controllers\CantanteController.php on line 36.
 1 APPPATH\Controllers\CantanteController.php(36): CodeIgniter\Debug\Exceptions->errorHandler(2, 'Undefined property: CodeIgniter\\HTTP\\IncomingRequest::$request', 'APPPATH\\Controllers\\CantanteController.php', 36)
 2 SYSTEMPATH\CodeIgniter.php(934): App\Controllers\CantanteController->store()
 3 SYSTEMPATH\CodeIgniter.php(499): CodeIgniter\CodeIgniter->runController(Object(App\Controllers\CantanteController))
 4 SYSTEMPATH\CodeIgniter.php(368): CodeIgniter\CodeIgniter->handleRequest(null, Object(Config\Cache), false)
 5 FCPATH\index.php(67): CodeIgniter\CodeIgniter->run()
CRITICAL - 2023-02-15 15:56:01 --> Undefined property: CodeIgniter\HTTP\IncomingRequest::$request
in APPPATH\Controllers\CantanteController.php on line 36.
 1 APPPATH\Controllers\CantanteController.php(36): CodeIgniter\Debug\Exceptions->errorHandler(2, 'Undefined property: CodeIgniter\\HTTP\\IncomingRequest::$request', 'APPPATH\\Controllers\\CantanteController.php', 36)
 2 SYSTEMPATH\CodeIgniter.php(934): App\Controllers\CantanteController->store()
 3 SYSTEMPATH\CodeIgniter.php(499): CodeIgniter\CodeIgniter->runController(Object(App\Controllers\CantanteController))
 4 SYSTEMPATH\CodeIgniter.php(368): CodeIgniter\CodeIgniter->handleRequest(null, Object(Config\Cache), false)
 5 FCPATH\index.php(67): CodeIgniter\CodeIgniter->run()
CRITICAL - 2023-02-15 15:56:11 --> Undefined property: CodeIgniter\HTTP\IncomingRequest::$request
in APPPATH\Controllers\CantanteController.php on line 36.
 1 APPPATH\Controllers\CantanteController.php(36): CodeIgniter\Debug\Exceptions->errorHandler(2, 'Undefined property: CodeIgniter\\HTTP\\IncomingRequest::$request', 'APPPATH\\Controllers\\CantanteController.php', 36)
 2 SYSTEMPATH\CodeIgniter.php(934): App\Controllers\CantanteController->store()
 3 SYSTEMPATH\CodeIgniter.php(499): CodeIgniter\CodeIgniter->runController(Object(App\Controllers\CantanteController))
 4 SYSTEMPATH\CodeIgniter.php(368): CodeIgniter\CodeIgniter->handleRequest(null, Object(Config\Cache), false)
 5 FCPATH\index.php(67): CodeIgniter\CodeIgniter->run()
CRITICAL - 2023-02-15 16:11:46 --> Undefined property: CodeIgniter\HTTP\IncomingRequest::$request
in APPPATH\Controllers\CantanteController.php on line 36.
 1 APPPATH\Controllers\CantanteController.php(36): CodeIgniter\Debug\Exceptions->errorHandler(2, 'Undefined property: CodeIgniter\\HTTP\\IncomingRequest::$request', 'APPPATH\\Controllers\\CantanteController.php', 36)
 2 SYSTEMPATH\CodeIgniter.php(934): App\Controllers\CantanteController->store()
 3 SYSTEMPATH\CodeIgniter.php(499): CodeIgniter\CodeIgniter->runController(Object(App\Controllers\CantanteController))
 4 SYSTEMPATH\CodeIgniter.php(368): CodeIgniter\CodeIgniter->handleRequest(null, Object(Config\Cache), false)
 5 FCPATH\index.php(67): CodeIgniter\CodeIgniter->run()
CRITICAL - 2023-02-15 16:11:50 --> Undefined property: CodeIgniter\HTTP\IncomingRequest::$request
in APPPATH\Controllers\CantanteController.php on line 36.
 1 APPPATH\Controllers\CantanteController.php(36): CodeIgniter\Debug\Exceptions->errorHandler(2, 'Undefined property: CodeIgniter\\HTTP\\IncomingRequest::$request', 'APPPATH\\Controllers\\CantanteController.php', 36)
 2 SYSTEMPATH\CodeIgniter.php(934): App\Controllers\CantanteController->store()
 3 SYSTEMPATH\CodeIgniter.php(499): CodeIgniter\CodeIgniter->runController(Object(App\Controllers\CantanteController))
 4 SYSTEMPATH\CodeIgniter.php(368): CodeIgniter\CodeIgniter->handleRequest(null, Object(Config\Cache), false)
 5 FCPATH\index.php(67): CodeIgniter\CodeIgniter->run()
CRITICAL - 2023-02-15 16:11:52 --> Undefined property: CodeIgniter\HTTP\IncomingRequest::$request
in APPPATH\Controllers\CantanteController.php on line 36.
 1 APPPATH\Controllers\CantanteController.php(36): CodeIgniter\Debug\Exceptions->errorHandler(2, 'Undefined property: CodeIgniter\\HTTP\\IncomingRequest::$request', 'APPPATH\\Controllers\\CantanteController.php', 36)
 2 SYSTEMPATH\CodeIgniter.php(934): App\Controllers\CantanteController->store()
 3 SYSTEMPATH\CodeIgniter.php(499): CodeIgniter\CodeIgniter->runController(Object(App\Controllers\CantanteController))
 4 SYSTEMPATH\CodeIgniter.php(368): CodeIgniter\CodeIgniter->handleRequest(null, Object(Config\Cache), false)
 5 FCPATH\index.php(67): CodeIgniter\CodeIgniter->run()
CRITICAL - 2023-02-15 16:11:55 --> Undefined property: CodeIgniter\HTTP\IncomingRequest::$request
in APPPATH\Controllers\CantanteController.php on line 36.
 1 APPPATH\Controllers\CantanteController.php(36): CodeIgniter\Debug\Exceptions->errorHandler(2, 'Undefined property: CodeIgniter\\HTTP\\IncomingRequest::$request', 'APPPATH\\Controllers\\CantanteController.php', 36)
 2 SYSTEMPATH\CodeIgniter.php(934): App\Controllers\CantanteController->store()
 3 SYSTEMPATH\CodeIgniter.php(499): CodeIgniter\CodeIgniter->runController(Object(App\Controllers\CantanteController))
 4 SYSTEMPATH\CodeIgniter.php(368): CodeIgniter\CodeIgniter->handleRequest(null, Object(Config\Cache), false)
 5 FCPATH\index.php(67): CodeIgniter\CodeIgniter->run()
CRITICAL - 2023-02-15 16:11:57 --> Undefined property: CodeIgniter\HTTP\IncomingRequest::$request
in APPPATH\Controllers\CantanteController.php on line 36.
 1 APPPATH\Controllers\CantanteController.php(36): CodeIgniter\Debug\Exceptions->errorHandler(2, 'Undefined property: CodeIgniter\\HTTP\\IncomingRequest::$request', 'APPPATH\\Controllers\\CantanteController.php', 36)
 2 SYSTEMPATH\CodeIgniter.php(934): App\Controllers\CantanteController->store()
 3 SYSTEMPATH\CodeIgniter.php(499): CodeIgniter\CodeIgniter->runController(Object(App\Controllers\CantanteController))
 4 SYSTEMPATH\CodeIgniter.php(368): CodeIgniter\CodeIgniter->handleRequest(null, Object(Config\Cache), false)
 5 FCPATH\index.php(67): CodeIgniter\CodeIgniter->run()
CRITICAL - 2023-02-15 16:11:59 --> Undefined property: CodeIgniter\HTTP\IncomingRequest::$request
in APPPATH\Controllers\CantanteController.php on line 36.
 1 APPPATH\Controllers\CantanteController.php(36): CodeIgniter\Debug\Exceptions->errorHandler(2, 'Undefined property: CodeIgniter\\HTTP\\IncomingRequest::$request', 'APPPATH\\Controllers\\CantanteController.php', 36)
 2 SYSTEMPATH\CodeIgniter.php(934): App\Controllers\CantanteController->store()
 3 SYSTEMPATH\CodeIgniter.php(499): CodeIgniter\CodeIgniter->runController(Object(App\Controllers\CantanteController))
 4 SYSTEMPATH\CodeIgniter.php(368): CodeIgniter\CodeIgniter->handleRequest(null, Object(Config\Cache), false)
 5 FCPATH\index.php(67): CodeIgniter\CodeIgniter->run()
CRITICAL - 2023-02-15 16:12:03 --> Undefined property: CodeIgniter\HTTP\IncomingRequest::$request
in APPPATH\Controllers\CantanteController.php on line 36.
 1 APPPATH\Controllers\CantanteController.php(36): CodeIgniter\Debug\Exceptions->errorHandler(2, 'Undefined property: CodeIgniter\\HTTP\\IncomingRequest::$request', 'APPPATH\\Controllers\\CantanteController.php', 36)
 2 SYSTEMPATH\CodeIgniter.php(934): App\Controllers\CantanteController->store()
 3 SYSTEMPATH\CodeIgniter.php(499): CodeIgniter\CodeIgniter->runController(Object(App\Controllers\CantanteController))
 4 SYSTEMPATH\CodeIgniter.php(368): CodeIgniter\CodeIgniter->handleRequest(null, Object(Config\Cache), false)
 5 FCPATH\index.php(67): CodeIgniter\CodeIgniter->run()
CRITICAL - 2023-02-15 16:16:20 --> Undefined property: CodeIgniter\HTTP\IncomingRequest::$request
in APPPATH\Controllers\CantanteController.php on line 36.
 1 APPPATH\Controllers\CantanteController.php(36): CodeIgniter\Debug\Exceptions->errorHandler(2, 'Undefined property: CodeIgniter\\HTTP\\IncomingRequest::$request', 'APPPATH\\Controllers\\CantanteController.php', 36)
 2 SYSTEMPATH\CodeIgniter.php(934): App\Controllers\CantanteController->store()
 3 SYSTEMPATH\CodeIgniter.php(499): CodeIgniter\CodeIgniter->runController(Object(App\Controllers\CantanteController))
 4 SYSTEMPATH\CodeIgniter.php(368): CodeIgniter\CodeIgniter->handleRequest(null, Object(Config\Cache), false)
 5 FCPATH\index.php(67): CodeIgniter\CodeIgniter->run()
CRITICAL - 2023-02-15 16:26:43 --> syntax error, unexpected token "}"
in APPPATH\Controllers\CantanteController.php on line 43.
 1 SYSTEMPATH\Autoloader\Autoloader.php(289): CodeIgniter\Autoloader\Autoloader->includeFile('APPPATH\\Controllers\\CantanteController.php')
 2 SYSTEMPATH\Autoloader\Autoloader.php(267): CodeIgniter\Autoloader\Autoloader->loadInNamespace('App\\Controllers\\CantanteController')
 3 [internal function]: CodeIgniter\Autoloader\Autoloader->loadClass('App\\Controllers\\CantanteController')
 4 SYSTEMPATH\CodeIgniter.php(892): class_exists('\\App\\Controllers\\CantanteController', true)
 5 SYSTEMPATH\CodeIgniter.php(486): CodeIgniter\CodeIgniter->startController()
 6 SYSTEMPATH\CodeIgniter.php(368): CodeIgniter\CodeIgniter->handleRequest(null, Object(Config\Cache), false)
 7 FCPATH\index.php(67): CodeIgniter\CodeIgniter->run()
CRITICAL - 2023-02-15 16:26:59 --> syntax error, unexpected token "}"
in APPPATH\Controllers\CantanteController.php on line 44.
 1 SYSTEMPATH\Autoloader\Autoloader.php(289): CodeIgniter\Autoloader\Autoloader->includeFile('APPPATH\\Controllers\\CantanteController.php')
 2 SYSTEMPATH\Autoloader\Autoloader.php(267): CodeIgniter\Autoloader\Autoloader->loadInNamespace('App\\Controllers\\CantanteController')
 3 [internal function]: CodeIgniter\Autoloader\Autoloader->loadClass('App\\Controllers\\CantanteController')
 4 SYSTEMPATH\CodeIgniter.php(892): class_exists('\\App\\Controllers\\CantanteController', true)
 5 SYSTEMPATH\CodeIgniter.php(486): CodeIgniter\CodeIgniter->startController()
 6 SYSTEMPATH\CodeIgniter.php(368): CodeIgniter\CodeIgniter->handleRequest(null, Object(Config\Cache), false)
 7 FCPATH\index.php(67): CodeIgniter\CodeIgniter->run()
CRITICAL - 2023-02-15 16:27:54 --> syntax error, unexpected token "}"
in APPPATH\Controllers\CantanteController.php on line 44.
 1 SYSTEMPATH\Autoloader\Autoloader.php(289): CodeIgniter\Autoloader\Autoloader->includeFile('APPPATH\\Controllers\\CantanteController.php')
 2 SYSTEMPATH\Autoloader\Autoloader.php(267): CodeIgniter\Autoloader\Autoloader->loadInNamespace('App\\Controllers\\CantanteController')
 3 [internal function]: CodeIgniter\Autoloader\Autoloader->loadClass('App\\Controllers\\CantanteController')
 4 SYSTEMPATH\CodeIgniter.php(892): class_exists('\\App\\Controllers\\CantanteController', true)
 5 SYSTEMPATH\CodeIgniter.php(486): CodeIgniter\CodeIgniter->startController()
 6 SYSTEMPATH\CodeIgniter.php(368): CodeIgniter\CodeIgniter->handleRequest(null, Object(Config\Cache), false)
 7 FCPATH\index.php(67): CodeIgniter\CodeIgniter->run()
CRITICAL - 2023-02-15 16:28:07 --> syntax error, unexpected token "}"
in APPPATH\Controllers\CantanteController.php on line 44.
 1 SYSTEMPATH\Autoloader\Autoloader.php(289): CodeIgniter\Autoloader\Autoloader->includeFile('APPPATH\\Controllers\\CantanteController.php')
 2 SYSTEMPATH\Autoloader\Autoloader.php(267): CodeIgniter\Autoloader\Autoloader->loadInNamespace('App\\Controllers\\CantanteController')
 3 [internal function]: CodeIgniter\Autoloader\Autoloader->loadClass('App\\Controllers\\CantanteController')
 4 SYSTEMPATH\CodeIgniter.php(892): class_exists('\\App\\Controllers\\CantanteController', true)
 5 SYSTEMPATH\CodeIgniter.php(486): CodeIgniter\CodeIgniter->startController()
 6 SYSTEMPATH\CodeIgniter.php(368): CodeIgniter\CodeIgniter->handleRequest(null, Object(Config\Cache), false)
 7 FCPATH\index.php(67): CodeIgniter\CodeIgniter->run()
CRITICAL - 2023-02-15 16:28:12 --> syntax error, unexpected token "}"
in APPPATH\Controllers\CantanteController.php on line 44.
 1 SYSTEMPATH\Autoloader\Autoloader.php(289): CodeIgniter\Autoloader\Autoloader->includeFile('APPPATH\\Controllers\\CantanteController.php')
 2 SYSTEMPATH\Autoloader\Autoloader.php(267): CodeIgniter\Autoloader\Autoloader->loadInNamespace('App\\Controllers\\CantanteController')
 3 [internal function]: CodeIgniter\Autoloader\Autoloader->loadClass('App\\Controllers\\CantanteController')
 4 SYSTEMPATH\CodeIgniter.php(892): class_exists('\\App\\Controllers\\CantanteController', true)
 5 SYSTEMPATH\CodeIgniter.php(486): CodeIgniter\CodeIgniter->startController()
 6 SYSTEMPATH\CodeIgniter.php(368): CodeIgniter\CodeIgniter->handleRequest(null, Object(Config\Cache), false)
 7 FCPATH\index.php(67): CodeIgniter\CodeIgniter->run()
CRITICAL - 2023-02-15 16:28:38 --> Undefined variable $cantae
in APPPATH\Controllers\CantanteController.php on line 52.
 1 APPPATH\Controllers\CantanteController.php(52): CodeIgniter\Debug\Exceptions->errorHandler(2, 'Undefined variable $cantae', 'APPPATH\\Controllers\\CantanteController.php', 52)
 2 SYSTEMPATH\CodeIgniter.php(934): App\Controllers\CantanteController->store()
 3 SYSTEMPATH\CodeIgniter.php(499): CodeIgniter\CodeIgniter->runController(Object(App\Controllers\CantanteController))
 4 SYSTEMPATH\CodeIgniter.php(368): CodeIgniter\CodeIgniter->handleRequest(null, Object(Config\Cache), false)
 5 FCPATH\index.php(67): CodeIgniter\CodeIgniter->run()
CRITICAL - 2023-02-15 16:28:42 --> The original file is not a valid file.
in SYSTEMPATH\HTTP\Files\UploadedFile.php on line 137.
 1 SYSTEMPATH\HTTP\Files\UploadedFile.php(137): CodeIgniter\HTTP\Exceptions\HTTPException::forInvalidFile()
 2 APPPATH\Controllers\CantanteController.php(43): CodeIgniter\HTTP\Files\UploadedFile->move('FCPATH\\uploads', 'ROOTPATH\\public')
 3 SYSTEMPATH\CodeIgniter.php(934): App\Controllers\CantanteController->store()
 4 SYSTEMPATH\CodeIgniter.php(499): CodeIgniter\CodeIgniter->runController(Object(App\Controllers\CantanteController))
 5 SYSTEMPATH\CodeIgniter.php(368): CodeIgniter\CodeIgniter->handleRequest(null, Object(Config\Cache), false)
 6 FCPATH\index.php(67): CodeIgniter\CodeIgniter->run()
CRITICAL - 2023-02-15 16:28:46 --> The original file is not a valid file.
in SYSTEMPATH\HTTP\Files\UploadedFile.php on line 137.
 1 SYSTEMPATH\HTTP\Files\UploadedFile.php(137): CodeIgniter\HTTP\Exceptions\HTTPException::forInvalidFile()
 2 APPPATH\Controllers\CantanteController.php(43): CodeIgniter\HTTP\Files\UploadedFile->move('FCPATH\\uploads', 'ROOTPATH\\public')
 3 SYSTEMPATH\CodeIgniter.php(934): App\Controllers\CantanteController->store()
 4 SYSTEMPATH\CodeIgniter.php(499): CodeIgniter\CodeIgniter->runController(Object(App\Controllers\CantanteController))
 5 SYSTEMPATH\CodeIgniter.php(368): CodeIgniter\CodeIgniter->handleRequest(null, Object(Config\Cache), false)
 6 FCPATH\index.php(67): CodeIgniter\CodeIgniter->run()
CRITICAL - 2023-02-15 16:28:55 --> The original file is not a valid file.
in SYSTEMPATH\HTTP\Files\UploadedFile.php on line 137.
 1 SYSTEMPATH\HTTP\Files\UploadedFile.php(137): CodeIgniter\HTTP\Exceptions\HTTPException::forInvalidFile()
 2 APPPATH\Controllers\CantanteController.php(43): CodeIgniter\HTTP\Files\UploadedFile->move('FCPATH\\uploads', 'ROOTPATH\\public')
 3 SYSTEMPATH\CodeIgniter.php(934): App\Controllers\CantanteController->store()
 4 SYSTEMPATH\CodeIgniter.php(499): CodeIgniter\CodeIgniter->runController(Object(App\Controllers\CantanteController))
 5 SYSTEMPATH\CodeIgniter.php(368): CodeIgniter\CodeIgniter->handleRequest(null, Object(Config\Cache), false)
 6 FCPATH\index.php(67): CodeIgniter\CodeIgniter->run()
CRITICAL - 2023-02-15 16:28:58 --> The original file is not a valid file.
in SYSTEMPATH\HTTP\Files\UploadedFile.php on line 137.
 1 SYSTEMPATH\HTTP\Files\UploadedFile.php(137): CodeIgniter\HTTP\Exceptions\HTTPException::forInvalidFile()
 2 APPPATH\Controllers\CantanteController.php(43): CodeIgniter\HTTP\Files\UploadedFile->move('FCPATH\\uploads', 'ROOTPATH\\public')
 3 SYSTEMPATH\CodeIgniter.php(934): App\Controllers\CantanteController->store()
 4 SYSTEMPATH\CodeIgniter.php(499): CodeIgniter\CodeIgniter->runController(Object(App\Controllers\CantanteController))
 5 SYSTEMPATH\CodeIgniter.php(368): CodeIgniter\CodeIgniter->handleRequest(null, Object(Config\Cache), false)
 6 FCPATH\index.php(67): CodeIgniter\CodeIgniter->run()
CRITICAL - 2023-02-15 16:29:24 --> The original file is not a valid file.
in SYSTEMPATH\HTTP\Files\UploadedFile.php on line 137.
 1 SYSTEMPATH\HTTP\Files\UploadedFile.php(137): CodeIgniter\HTTP\Exceptions\HTTPException::forInvalidFile()
 2 APPPATH\Controllers\CantanteController.php(43): CodeIgniter\HTTP\Files\UploadedFile->move('FCPATH\\uploads', 'ROOTPATH\\public')
 3 SYSTEMPATH\CodeIgniter.php(934): App\Controllers\CantanteController->store()
 4 SYSTEMPATH\CodeIgniter.php(499): CodeIgniter\CodeIgniter->runController(Object(App\Controllers\CantanteController))
 5 SYSTEMPATH\CodeIgniter.php(368): CodeIgniter\CodeIgniter->handleRequest(null, Object(Config\Cache), false)
 6 FCPATH\index.php(67): CodeIgniter\CodeIgniter->run()
CRITICAL - 2023-02-15 16:29:26 --> The original file is not a valid file.
in SYSTEMPATH\HTTP\Files\UploadedFile.php on line 137.
 1 SYSTEMPATH\HTTP\Files\UploadedFile.php(137): CodeIgniter\HTTP\Exceptions\HTTPException::forInvalidFile()
 2 APPPATH\Controllers\CantanteController.php(43): CodeIgniter\HTTP\Files\UploadedFile->move('FCPATH\\uploads', 'ROOTPATH\\public')
 3 SYSTEMPATH\CodeIgniter.php(934): App\Controllers\CantanteController->store()
 4 SYSTEMPATH\CodeIgniter.php(499): CodeIgniter\CodeIgniter->runController(Object(App\Controllers\CantanteController))
 5 SYSTEMPATH\CodeIgniter.php(368): CodeIgniter\CodeIgniter->handleRequest(null, Object(Config\Cache), false)
 6 FCPATH\index.php(67): CodeIgniter\CodeIgniter->run()
CRITICAL - 2023-02-15 16:30:23 --> The original file is not a valid file.
in SYSTEMPATH\HTTP\Files\UploadedFile.php on line 137.
 1 SYSTEMPATH\HTTP\Files\UploadedFile.php(137): CodeIgniter\HTTP\Exceptions\HTTPException::forInvalidFile()
 2 APPPATH\Controllers\CantanteController.php(43): CodeIgniter\HTTP\Files\UploadedFile->move('FCPATH\\uploads', '1676478623_7979b4aef7ee7d74f3e3')
 3 SYSTEMPATH\CodeIgniter.php(934): App\Controllers\CantanteController->store()
 4 SYSTEMPATH\CodeIgniter.php(499): CodeIgniter\CodeIgniter->runController(Object(App\Controllers\CantanteController))
 5 SYSTEMPATH\CodeIgniter.php(368): CodeIgniter\CodeIgniter->handleRequest(null, Object(Config\Cache), false)
 6 FCPATH\index.php(67): CodeIgniter\CodeIgniter->run()
CRITICAL - 2023-02-15 16:32:29 --> The original file is not a valid file.
in SYSTEMPATH\HTTP\Files\UploadedFile.php on line 137.
 1 SYSTEMPATH\HTTP\Files\UploadedFile.php(137): CodeIgniter\HTTP\Exceptions\HTTPException::forInvalidFile()
 2 APPPATH\Controllers\CantanteController.php(43): CodeIgniter\HTTP\Files\UploadedFile->move('FCPATH\\uploads', '1676478749_f367ac25f08803f119ec')
 3 SYSTEMPATH\CodeIgniter.php(934): App\Controllers\CantanteController->store()
 4 SYSTEMPATH\CodeIgniter.php(499): CodeIgniter\CodeIgniter->runController(Object(App\Controllers\CantanteController))
 5 SYSTEMPATH\CodeIgniter.php(368): CodeIgniter\CodeIgniter->handleRequest(null, Object(Config\Cache), false)
 6 FCPATH\index.php(67): CodeIgniter\CodeIgniter->run()
CRITICAL - 2023-02-15 16:32:32 --> The original file is not a valid file.
in SYSTEMPATH\HTTP\Files\UploadedFile.php on line 137.
 1 SYSTEMPATH\HTTP\Files\UploadedFile.php(137): CodeIgniter\HTTP\Exceptions\HTTPException::forInvalidFile()
 2 APPPATH\Controllers\CantanteController.php(43): CodeIgniter\HTTP\Files\UploadedFile->move('FCPATH\\uploads', '1676478752_6ba2d76a72c4721728fd')
 3 SYSTEMPATH\CodeIgniter.php(934): App\Controllers\CantanteController->store()
 4 SYSTEMPATH\CodeIgniter.php(499): CodeIgniter\CodeIgniter->runController(Object(App\Controllers\CantanteController))
 5 SYSTEMPATH\CodeIgniter.php(368): CodeIgniter\CodeIgniter->handleRequest(null, Object(Config\Cache), false)
 6 FCPATH\index.php(67): CodeIgniter\CodeIgniter->run()
CRITICAL - 2023-02-15 16:33:31 --> syntax error, unexpected token ";", expecting "]"
in APPPATH\Controllers\CantanteController.php on line 45.
 1 SYSTEMPATH\Autoloader\Autoloader.php(289): CodeIgniter\Autoloader\Autoloader->includeFile('APPPATH\\Controllers\\CantanteController.php')
 2 SYSTEMPATH\Autoloader\Autoloader.php(267): CodeIgniter\Autoloader\Autoloader->loadInNamespace('App\\Controllers\\CantanteController')
 3 [internal function]: CodeIgniter\Autoloader\Autoloader->loadClass('App\\Controllers\\CantanteController')
 4 SYSTEMPATH\CodeIgniter.php(892): class_exists('\\App\\Controllers\\CantanteController', true)
 5 SYSTEMPATH\CodeIgniter.php(486): CodeIgniter\CodeIgniter->startController()
 6 SYSTEMPATH\CodeIgniter.php(368): CodeIgniter\CodeIgniter->handleRequest(null, Object(Config\Cache), false)
 7 FCPATH\index.php(67): CodeIgniter\CodeIgniter->run()
CRITICAL - 2023-02-15 16:33:41 --> syntax error, unexpected token "if"
in APPPATH\Controllers\CantanteController.php on line 41.
 1 SYSTEMPATH\Autoloader\Autoloader.php(289): CodeIgniter\Autoloader\Autoloader->includeFile('APPPATH\\Controllers\\CantanteController.php')
 2 SYSTEMPATH\Autoloader\Autoloader.php(267): CodeIgniter\Autoloader\Autoloader->loadInNamespace('App\\Controllers\\CantanteController')
 3 [internal function]: CodeIgniter\Autoloader\Autoloader->loadClass('App\\Controllers\\CantanteController')
 4 SYSTEMPATH\CodeIgniter.php(892): class_exists('\\App\\Controllers\\CantanteController', true)
 5 SYSTEMPATH\CodeIgniter.php(486): CodeIgniter\CodeIgniter->startController()
 6 SYSTEMPATH\CodeIgniter.php(368): CodeIgniter\CodeIgniter->handleRequest(null, Object(Config\Cache), false)
 7 FCPATH\index.php(67): CodeIgniter\CodeIgniter->run()
CRITICAL - 2023-02-15 16:34:06 --> Undefined variable $nombre
in APPPATH\Controllers\CantanteController.php on line 50.
 1 APPPATH\Controllers\CantanteController.php(50): CodeIgniter\Debug\Exceptions->errorHandler(2, 'Undefined variable $nombre', 'APPPATH\\Controllers\\CantanteController.php', 50)
 2 SYSTEMPATH\CodeIgniter.php(934): App\Controllers\CantanteController->store()
 3 SYSTEMPATH\CodeIgniter.php(499): CodeIgniter\CodeIgniter->runController(Object(App\Controllers\CantanteController))
 4 SYSTEMPATH\CodeIgniter.php(368): CodeIgniter\CodeIgniter->handleRequest(null, Object(Config\Cache), false)
 5 FCPATH\index.php(67): CodeIgniter\CodeIgniter->run()
CRITICAL - 2023-02-15 16:34:15 --> The original file is not a valid file.
in SYSTEMPATH\HTTP\Files\UploadedFile.php on line 137.
 1 SYSTEMPATH\HTTP\Files\UploadedFile.php(137): CodeIgniter\HTTP\Exceptions\HTTPException::forInvalidFile()
 2 APPPATH\Controllers\CantanteController.php(40): CodeIgniter\HTTP\Files\UploadedFile->move('FCPATH\\uploads', '1676478855_d66c1e7d3a9b252e010b')
 3 SYSTEMPATH\CodeIgniter.php(934): App\Controllers\CantanteController->store()
 4 SYSTEMPATH\CodeIgniter.php(499): CodeIgniter\CodeIgniter->runController(Object(App\Controllers\CantanteController))
 5 SYSTEMPATH\CodeIgniter.php(368): CodeIgniter\CodeIgniter->handleRequest(null, Object(Config\Cache), false)
 6 FCPATH\index.php(67): CodeIgniter\CodeIgniter->run()
CRITICAL - 2023-02-15 16:34:26 --> Undefined variable $nombre
in APPPATH\Controllers\CantanteController.php on line 50.
 1 APPPATH\Controllers\CantanteController.php(50): CodeIgniter\Debug\Exceptions->errorHandler(2, 'Undefined variable $nombre', 'APPPATH\\Controllers\\CantanteController.php', 50)
 2 SYSTEMPATH\CodeIgniter.php(934): App\Controllers\CantanteController->store()
 3 SYSTEMPATH\CodeIgniter.php(499): CodeIgniter\CodeIgniter->runController(Object(App\Controllers\CantanteController))
 4 SYSTEMPATH\CodeIgniter.php(368): CodeIgniter\CodeIgniter->handleRequest(null, Object(Config\Cache), false)
 5 FCPATH\index.php(67): CodeIgniter\CodeIgniter->run()
CRITICAL - 2023-02-15 16:40:34 --> Undefined variable $cabecera
in APPPATH\Views\cantantes\Listar.php on line 1.
 1 APPPATH\Views\cantantes\Listar.php(1): CodeIgniter\Debug\Exceptions->errorHandler(2, 'Undefined variable $cabecera', 'APPPATH\\Views\\cantantes\\Listar.php', 1)
 2 SYSTEMPATH\View\View.php(213): include('APPPATH\\Views\\cantantes\\Listar.php')
 3 SYSTEMPATH\View\View.php(216): CodeIgniter\View\View->CodeIgniter\View\{closure}()
 4 SYSTEMPATH\Common.php(1177): CodeIgniter\View\View->render('cantantes/Listar', [], true)
 5 APPPATH\Controllers\CantanteController.php(22): view('cantantes/Listar', [...])
 6 SYSTEMPATH\CodeIgniter.php(934): App\Controllers\CantanteController->index()
 7 SYSTEMPATH\CodeIgniter.php(499): CodeIgniter\CodeIgniter->runController(Object(App\Controllers\CantanteController))
 8 SYSTEMPATH\CodeIgniter.php(368): CodeIgniter\CodeIgniter->handleRequest(null, Object(Config\Cache), false)
 9 FCPATH\index.php(67): CodeIgniter\CodeIgniter->run()
CRITICAL - 2023-02-15 16:40:46 --> Undefined variable $piePagina
in APPPATH\Views\cantantes\Listar.php on line 42.
 1 APPPATH\Views\cantantes\Listar.php(42): CodeIgniter\Debug\Exceptions->errorHandler(2, 'Undefined variable $piePagina', 'APPPATH\\Views\\cantantes\\Listar.php', 42)
 2 SYSTEMPATH\View\View.php(213): include('APPPATH\\Views\\cantantes\\Listar.php')
 3 SYSTEMPATH\View\View.php(216): CodeIgniter\View\View->CodeIgniter\View\{closure}()
 4 SYSTEMPATH\Common.php(1177): CodeIgniter\View\View->render('cantantes/Listar', [], true)
 5 APPPATH\Controllers\CantanteController.php(22): view('cantantes/Listar', [...])
 6 SYSTEMPATH\CodeIgniter.php(934): App\Controllers\CantanteController->index()
 7 SYSTEMPATH\CodeIgniter.php(499): CodeIgniter\CodeIgniter->runController(Object(App\Controllers\CantanteController))
 8 SYSTEMPATH\CodeIgniter.php(368): CodeIgniter\CodeIgniter->handleRequest(null, Object(Config\Cache), false)
 9 FCPATH\index.php(67): CodeIgniter\CodeIgniter->run()
CRITICAL - 2023-02-15 16:42:06 --> Invalid file: "cantantes/crea.php"
in SYSTEMPATH\Exceptions\FrameworkException.php on line 33.
 1 SYSTEMPATH\View\View.php(201): CodeIgniter\Exceptions\FrameworkException::forInvalidFile('cantantes/crea.php')
 2 SYSTEMPATH\Common.php(1177): CodeIgniter\View\View->render('cantantes/crea', [], true)
 3 APPPATH\Controllers\CantanteController.php(29): view('cantantes/crea', [...])
 4 SYSTEMPATH\CodeIgniter.php(934): App\Controllers\CantanteController->create()
 5 SYSTEMPATH\CodeIgniter.php(499): CodeIgniter\CodeIgniter->runController(Object(App\Controllers\CantanteController))
 6 SYSTEMPATH\CodeIgniter.php(368): CodeIgniter\CodeIgniter->handleRequest(null, Object(Config\Cache), false)
 7 FCPATH\index.php(67): CodeIgniter\CodeIgniter->run()
CRITICAL - 2023-02-15 16:45:47 --> The original file is not a valid file.
in SYSTEMPATH\HTTP\Files\UploadedFile.php on line 137.
 1 SYSTEMPATH\HTTP\Files\UploadedFile.php(137): CodeIgniter\HTTP\Exceptions\HTTPException::forInvalidFile()
 2 APPPATH\Controllers\CantanteController.php(36): CodeIgniter\HTTP\Files\UploadedFile->move('FCPATH\\uploads', '1676479547_69123577ac2713520fd7')
 3 SYSTEMPATH\CodeIgniter.php(934): App\Controllers\CantanteController->store()
 4 SYSTEMPATH\CodeIgniter.php(499): CodeIgniter\CodeIgniter->runController(Object(App\Controllers\CantanteController))
 5 SYSTEMPATH\CodeIgniter.php(368): CodeIgniter\CodeIgniter->handleRequest(null, Object(Config\Cache), false)
 6 FCPATH\index.php(67): CodeIgniter\CodeIgniter->run()
CRITICAL - 2023-02-15 16:47:46 --> syntax error, unexpected identifier "cantantesInfo", expecting "]"
in APPPATH\Controllers\CantanteController.php on line 25.
 1 SYSTEMPATH\Autoloader\Autoloader.php(289): CodeIgniter\Autoloader\Autoloader->includeFile('APPPATH\\Controllers\\CantanteController.php')
 2 SYSTEMPATH\Autoloader\Autoloader.php(267): CodeIgniter\Autoloader\Autoloader->loadInNamespace('App\\Controllers\\CantanteController')
 3 [internal function]: CodeIgniter\Autoloader\Autoloader->loadClass('App\\Controllers\\CantanteController')
 4 SYSTEMPATH\CodeIgniter.php(892): class_exists('\\App\\Controllers\\CantanteController', true)
 5 SYSTEMPATH\CodeIgniter.php(486): CodeIgniter\CodeIgniter->startController()
 6 SYSTEMPATH\CodeIgniter.php(368): CodeIgniter\CodeIgniter->handleRequest(null, Object(Config\Cache), false)
 7 FCPATH\index.php(67): CodeIgniter\CodeIgniter->run()
CRITICAL - 2023-02-15 16:49:39 --> syntax error, unexpected token "if"
in APPPATH\Controllers\CantanteController.php on line 46.
 1 SYSTEMPATH\Autoloader\Autoloader.php(289): CodeIgniter\Autoloader\Autoloader->includeFile('APPPATH\\Controllers\\CantanteController.php')
 2 SYSTEMPATH\Autoloader\Autoloader.php(267): CodeIgniter\Autoloader\Autoloader->loadInNamespace('App\\Controllers\\CantanteController')
 3 [internal function]: CodeIgniter\Autoloader\Autoloader->loadClass('App\\Controllers\\CantanteController')
 4 SYSTEMPATH\CodeIgniter.php(892): class_exists('\\App\\Controllers\\CantanteController', true)
 5 SYSTEMPATH\CodeIgniter.php(486): CodeIgniter\CodeIgniter->startController()
 6 SYSTEMPATH\CodeIgniter.php(368): CodeIgniter\CodeIgniter->handleRequest(null, Object(Config\Cache), false)
 7 FCPATH\index.php(67): CodeIgniter\CodeIgniter->run()
CRITICAL - 2023-02-15 16:49:42 --> syntax error, unexpected token ")"
in APPPATH\Controllers\CantanteController.php on line 52.
 1 SYSTEMPATH\Autoloader\Autoloader.php(289): CodeIgniter\Autoloader\Autoloader->includeFile('APPPATH\\Controllers\\CantanteController.php')
 2 SYSTEMPATH\Autoloader\Autoloader.php(267): CodeIgniter\Autoloader\Autoloader->loadInNamespace('App\\Controllers\\CantanteController')
 3 [internal function]: CodeIgniter\Autoloader\Autoloader->loadClass('App\\Controllers\\CantanteController')
 4 SYSTEMPATH\CodeIgniter.php(892): class_exists('\\App\\Controllers\\CantanteController', true)
 5 SYSTEMPATH\CodeIgniter.php(486): CodeIgniter\CodeIgniter->startController()
 6 SYSTEMPATH\CodeIgniter.php(368): CodeIgniter\CodeIgniter->handleRequest(null, Object(Config\Cache), false)
 7 FCPATH\index.php(67): CodeIgniter\CodeIgniter->run()
CRITICAL - 2023-02-15 16:54:30 --> syntax error, unexpected token "::", expecting "," or ";"
in APPPATH\Controllers\CantanteController.php on line 7.
 1 SYSTEMPATH\Autoloader\Autoloader.php(289): CodeIgniter\Autoloader\Autoloader->includeFile('APPPATH\\Controllers\\CantanteController.php')
 2 SYSTEMPATH\Autoloader\Autoloader.php(267): CodeIgniter\Autoloader\Autoloader->loadInNamespace('App\\Controllers\\CantanteController')
 3 [internal function]: CodeIgniter\Autoloader\Autoloader->loadClass('App\\Controllers\\CantanteController')
 4 SYSTEMPATH\CodeIgniter.php(892): class_exists('\\App\\Controllers\\CantanteController', true)
 5 SYSTEMPATH\CodeIgniter.php(486): CodeIgniter\CodeIgniter->startController()
 6 SYSTEMPATH\CodeIgniter.php(368): CodeIgniter\CodeIgniter->handleRequest(null, Object(Config\Cache), false)
 7 FCPATH\index.php(67): CodeIgniter\CodeIgniter->run()
CRITICAL - 2023-02-15 16:55:13 --> Undefined variable $validation
in APPPATH\Controllers\CantanteController.php on line 42.
 1 APPPATH\Controllers\CantanteController.php(42): CodeIgniter\Debug\Exceptions->errorHandler(2, 'Undefined variable $validation', 'APPPATH\\Controllers\\CantanteController.php', 42)
 2 SYSTEMPATH\CodeIgniter.php(934): App\Controllers\CantanteController->store()
 3 SYSTEMPATH\CodeIgniter.php(499): CodeIgniter\CodeIgniter->runController(Object(App\Controllers\CantanteController))
 4 SYSTEMPATH\CodeIgniter.php(368): CodeIgniter\CodeIgniter->handleRequest(null, Object(Config\Cache), false)
 5 FCPATH\index.php(67): CodeIgniter\CodeIgniter->run()
CRITICAL - 2023-02-15 16:55:16 --> Undefined variable $validation
in APPPATH\Controllers\CantanteController.php on line 42.
 1 APPPATH\Controllers\CantanteController.php(42): CodeIgniter\Debug\Exceptions->errorHandler(2, 'Undefined variable $validation', 'APPPATH\\Controllers\\CantanteController.php', 42)
 2 SYSTEMPATH\CodeIgniter.php(934): App\Controllers\CantanteController->store()
 3 SYSTEMPATH\CodeIgniter.php(499): CodeIgniter\CodeIgniter->runController(Object(App\Controllers\CantanteController))
 4 SYSTEMPATH\CodeIgniter.php(368): CodeIgniter\CodeIgniter->handleRequest(null, Object(Config\Cache), false)
 5 FCPATH\index.php(67): CodeIgniter\CodeIgniter->run()
CRITICAL - 2023-02-15 16:56:49 --> Constant expression contains invalid operations
in APPPATH\Controllers\CantanteController.php on line 15.
 1 [internal function]: CodeIgniter\Debug\Exceptions->shutdownHandler()
CRITICAL - 2023-02-15 16:56:58 --> Constant expression contains invalid operations
in APPPATH\Controllers\CantanteController.php on line 15.
 1 [internal function]: CodeIgniter\Debug\Exceptions->shutdownHandler()
CRITICAL - 2023-02-15 17:00:18 --> syntax error, unexpected token "}", expecting variable or "{" or "$"
in APPPATH\Controllers\CantanteController.php on line 65.
 1 SYSTEMPATH\Autoloader\Autoloader.php(289): CodeIgniter\Autoloader\Autoloader->includeFile('APPPATH\\Controllers\\CantanteController.php')
 2 SYSTEMPATH\Autoloader\Autoloader.php(267): CodeIgniter\Autoloader\Autoloader->loadInNamespace('App\\Controllers\\CantanteController')
 3 [internal function]: CodeIgniter\Autoloader\Autoloader->loadClass('App\\Controllers\\CantanteController')
 4 SYSTEMPATH\CodeIgniter.php(892): class_exists('\\App\\Controllers\\CantanteController', true)
 5 SYSTEMPATH\CodeIgniter.php(486): CodeIgniter\CodeIgniter->startController()
 6 SYSTEMPATH\CodeIgniter.php(368): CodeIgniter\CodeIgniter->handleRequest(null, Object(Config\Cache), false)
 7 FCPATH\index.php(67): CodeIgniter\CodeIgniter->run()
CRITICAL - 2023-02-15 17:00:20 --> syntax error, unexpected token "}", expecting variable or "{" or "$"
in APPPATH\Controllers\CantanteController.php on line 65.
 1 SYSTEMPATH\Autoloader\Autoloader.php(289): CodeIgniter\Autoloader\Autoloader->includeFile('APPPATH\\Controllers\\CantanteController.php')
 2 SYSTEMPATH\Autoloader\Autoloader.php(267): CodeIgniter\Autoloader\Autoloader->loadInNamespace('App\\Controllers\\CantanteController')
 3 [internal function]: CodeIgniter\Autoloader\Autoloader->loadClass('App\\Controllers\\CantanteController')
 4 SYSTEMPATH\CodeIgniter.php(892): class_exists('\\App\\Controllers\\CantanteController', true)
 5 SYSTEMPATH\CodeIgniter.php(486): CodeIgniter\CodeIgniter->startController()
 6 SYSTEMPATH\CodeIgniter.php(368): CodeIgniter\CodeIgniter->handleRequest(null, Object(Config\Cache), false)
 7 FCPATH\index.php(67): CodeIgniter\CodeIgniter->run()
CRITICAL - 2023-02-15 17:00:28 --> Cannot use temporary expression in write context
in APPPATH\Controllers\CantanteController.php on line 48.
 1 [internal function]: CodeIgniter\Debug\Exceptions->shutdownHandler()
CRITICAL - 2023-02-15 17:12:55 --> syntax error, unexpected token "}"
in APPPATH\Controllers\CantanteController.php on line 43.
 1 SYSTEMPATH\Autoloader\Autoloader.php(289): CodeIgniter\Autoloader\Autoloader->includeFile('APPPATH\\Controllers\\CantanteController.php')
 2 SYSTEMPATH\Autoloader\Autoloader.php(267): CodeIgniter\Autoloader\Autoloader->loadInNamespace('App\\Controllers\\CantanteController')
 3 [internal function]: CodeIgniter\Autoloader\Autoloader->loadClass('App\\Controllers\\CantanteController')
 4 SYSTEMPATH\CodeIgniter.php(892): class_exists('\\App\\Controllers\\CantanteController', true)
 5 SYSTEMPATH\CodeIgniter.php(486): CodeIgniter\CodeIgniter->startController()
 6 SYSTEMPATH\CodeIgniter.php(368): CodeIgniter\CodeIgniter->handleRequest(null, Object(Config\Cache), false)
 7 FCPATH\index.php(67): CodeIgniter\CodeIgniter->run()
CRITICAL - 2023-02-15 17:13:14 --> syntax error, unexpected token "{", expecting "("
in APPPATH\Controllers\CantanteController.php on line 41.
 1 SYSTEMPATH\Autoloader\Autoloader.php(289): CodeIgniter\Autoloader\Autoloader->includeFile('APPPATH\\Controllers\\CantanteController.php')
 2 SYSTEMPATH\Autoloader\Autoloader.php(267): CodeIgniter\Autoloader\Autoloader->loadInNamespace('App\\Controllers\\CantanteController')
 3 [internal function]: CodeIgniter\Autoloader\Autoloader->loadClass('App\\Controllers\\CantanteController')
 4 SYSTEMPATH\CodeIgniter.php(892): class_exists('\\App\\Controllers\\CantanteController', true)
 5 SYSTEMPATH\CodeIgniter.php(486): CodeIgniter\CodeIgniter->startController()
 6 SYSTEMPATH\CodeIgniter.php(368): CodeIgniter\CodeIgniter->handleRequest(null, Object(Config\Cache), false)
 7 FCPATH\index.php(67): CodeIgniter\CodeIgniter->run()
CRITICAL - 2023-02-15 17:13:18 --> syntax error, unexpected token ")"
in APPPATH\Controllers\CantanteController.php on line 41.
 1 SYSTEMPATH\Autoloader\Autoloader.php(289): CodeIgniter\Autoloader\Autoloader->includeFile('APPPATH\\Controllers\\CantanteController.php')
 2 SYSTEMPATH\Autoloader\Autoloader.php(267): CodeIgniter\Autoloader\Autoloader->loadInNamespace('App\\Controllers\\CantanteController')
 3 [internal function]: CodeIgniter\Autoloader\Autoloader->loadClass('App\\Controllers\\CantanteController')
 4 SYSTEMPATH\CodeIgniter.php(892): class_exists('\\App\\Controllers\\CantanteController', true)
 5 SYSTEMPATH\CodeIgniter.php(486): CodeIgniter\CodeIgniter->startController()
 6 SYSTEMPATH\CodeIgniter.php(368): CodeIgniter\CodeIgniter->handleRequest(null, Object(Config\Cache), false)
 7 FCPATH\index.php(67): CodeIgniter\CodeIgniter->run()
CRITICAL - 2023-02-15 17:13:32 --> syntax error, unexpected token ")"
in APPPATH\Controllers\CantanteController.php on line 41.
 1 SYSTEMPATH\Autoloader\Autoloader.php(289): CodeIgniter\Autoloader\Autoloader->includeFile('APPPATH\\Controllers\\CantanteController.php')
 2 SYSTEMPATH\Autoloader\Autoloader.php(267): CodeIgniter\Autoloader\Autoloader->loadInNamespace('App\\Controllers\\CantanteController')
 3 [internal function]: CodeIgniter\Autoloader\Autoloader->loadClass('App\\Controllers\\CantanteController')
 4 SYSTEMPATH\CodeIgniter.php(892): class_exists('\\App\\Controllers\\CantanteController', true)
 5 SYSTEMPATH\CodeIgniter.php(486): CodeIgniter\CodeIgniter->startController()
 6 SYSTEMPATH\CodeIgniter.php(368): CodeIgniter\CodeIgniter->handleRequest(null, Object(Config\Cache), false)
 7 FCPATH\index.php(67): CodeIgniter\CodeIgniter->run()
CRITICAL - 2023-02-15 17:13:38 --> syntax error, unexpected token ")"
in APPPATH\Controllers\CantanteController.php on line 41.
 1 SYSTEMPATH\Autoloader\Autoloader.php(289): CodeIgniter\Autoloader\Autoloader->includeFile('APPPATH\\Controllers\\CantanteController.php')
 2 SYSTEMPATH\Autoloader\Autoloader.php(267): CodeIgniter\Autoloader\Autoloader->loadInNamespace('App\\Controllers\\CantanteController')
 3 [internal function]: CodeIgniter\Autoloader\Autoloader->loadClass('App\\Controllers\\CantanteController')
 4 SYSTEMPATH\CodeIgniter.php(892): class_exists('\\App\\Controllers\\CantanteController', true)
 5 SYSTEMPATH\CodeIgniter.php(486): CodeIgniter\CodeIgniter->startController()
 6 SYSTEMPATH\CodeIgniter.php(368): CodeIgniter\CodeIgniter->handleRequest(null, Object(Config\Cache), false)
 7 FCPATH\index.php(67): CodeIgniter\CodeIgniter->run()
CRITICAL - 2023-02-15 17:14:25 --> "cantate" is not a validation rules group.
in SYSTEMPATH\Validation\Validation.php on line 619.
 1 SYSTEMPATH\Validation\Validation.php(619): CodeIgniter\Validation\Exceptions\ValidationException::forGroupNotFound('cantate')
 2 SYSTEMPATH\Validation\Validation.php(118): CodeIgniter\Validation\Validation->loadRuleGroup('cantate')
 3 APPPATH\Controllers\CantanteController.php(41): CodeIgniter\Validation\Validation->run([...], 'cantate')
 4 SYSTEMPATH\CodeIgniter.php(934): App\Controllers\CantanteController->store()
 5 SYSTEMPATH\CodeIgniter.php(499): CodeIgniter\CodeIgniter->runController(Object(App\Controllers\CantanteController))
 6 SYSTEMPATH\CodeIgniter.php(368): CodeIgniter\CodeIgniter->handleRequest(null, Object(Config\Cache), false)
 7 FCPATH\index.php(67): CodeIgniter\CodeIgniter->run()
CRITICAL - 2023-02-15 18:00:36 --> syntax error, unexpected token ","
in APPPATH\Controllers\CantanteController.php on line 57.
 1 SYSTEMPATH\Autoloader\Autoloader.php(289): CodeIgniter\Autoloader\Autoloader->includeFile('APPPATH\\Controllers\\CantanteController.php')
 2 SYSTEMPATH\Autoloader\Autoloader.php(267): CodeIgniter\Autoloader\Autoloader->loadInNamespace('App\\Controllers\\CantanteController')
 3 [internal function]: CodeIgniter\Autoloader\Autoloader->loadClass('App\\Controllers\\CantanteController')
 4 SYSTEMPATH\CodeIgniter.php(892): class_exists('\\App\\Controllers\\CantanteController', true)
 5 SYSTEMPATH\CodeIgniter.php(486): CodeIgniter\CodeIgniter->startController()
 6 SYSTEMPATH\CodeIgniter.php(368): CodeIgniter\CodeIgniter->handleRequest(null, Object(Config\Cache), false)
 7 FCPATH\index.php(67): CodeIgniter\CodeIgniter->run()
CRITICAL - 2023-02-15 18:00:44 --> syntax error, unexpected token ","
in APPPATH\Controllers\CantanteController.php on line 57.
 1 SYSTEMPATH\Autoloader\Autoloader.php(289): CodeIgniter\Autoloader\Autoloader->includeFile('APPPATH\\Controllers\\CantanteController.php')
 2 SYSTEMPATH\Autoloader\Autoloader.php(267): CodeIgniter\Autoloader\Autoloader->loadInNamespace('App\\Controllers\\CantanteController')
 3 [internal function]: CodeIgniter\Autoloader\Autoloader->loadClass('App\\Controllers\\CantanteController')
 4 SYSTEMPATH\CodeIgniter.php(892): class_exists('\\App\\Controllers\\CantanteController', true)
 5 SYSTEMPATH\CodeIgniter.php(486): CodeIgniter\CodeIgniter->startController()
 6 SYSTEMPATH\CodeIgniter.php(368): CodeIgniter\CodeIgniter->handleRequest(null, Object(Config\Cache), false)
 7 FCPATH\index.php(67): CodeIgniter\CodeIgniter->run()
CRITICAL - 2023-02-15 18:00:52 --> syntax error, unexpected identifier "foto"
in APPPATH\Controllers\CantanteController.php on line 57.
 1 SYSTEMPATH\Autoloader\Autoloader.php(289): CodeIgniter\Autoloader\Autoloader->includeFile('APPPATH\\Controllers\\CantanteController.php')
 2 SYSTEMPATH\Autoloader\Autoloader.php(267): CodeIgniter\Autoloader\Autoloader->loadInNamespace('App\\Controllers\\CantanteController')
 3 [internal function]: CodeIgniter\Autoloader\Autoloader->loadClass('App\\Controllers\\CantanteController')
 4 SYSTEMPATH\CodeIgniter.php(892): class_exists('\\App\\Controllers\\CantanteController', true)
 5 SYSTEMPATH\CodeIgniter.php(486): CodeIgniter\CodeIgniter->startController()
 6 SYSTEMPATH\CodeIgniter.php(368): CodeIgniter\CodeIgniter->handleRequest(null, Object(Config\Cache), false)
 7 FCPATH\index.php(67): CodeIgniter\CodeIgniter->run()
CRITICAL - 2023-02-15 19:38:07 --> syntax error, unexpected token ")"
in APPPATH\Controllers\CantanteController.php on line 83.
 1 SYSTEMPATH\Autoloader\Autoloader.php(289): CodeIgniter\Autoloader\Autoloader->includeFile('APPPATH\\Controllers\\CantanteController.php')
 2 SYSTEMPATH\Autoloader\Autoloader.php(267): CodeIgniter\Autoloader\Autoloader->loadInNamespace('App\\Controllers\\CantanteController')
 3 [internal function]: CodeIgniter\Autoloader\Autoloader->loadClass('App\\Controllers\\CantanteController')
 4 SYSTEMPATH\CodeIgniter.php(892): class_exists('\\App\\Controllers\\CantanteController', true)
 5 SYSTEMPATH\CodeIgniter.php(486): CodeIgniter\CodeIgniter->startController()
 6 SYSTEMPATH\CodeIgniter.php(368): CodeIgniter\CodeIgniter->handleRequest(null, Object(Config\Cache), false)
 7 FCPATH\index.php(67): CodeIgniter\CodeIgniter->run()
CRITICAL - 2023-02-15 19:42:13 --> syntax error, unexpected token "}", expecting "," or ";"
in APPPATH\Config\Validation.php on line 76.
 1 SYSTEMPATH\Autoloader\Autoloader.php(289): CodeIgniter\Autoloader\Autoloader->includeFile('APPPATH\\Config\\Validation.php')
 2 SYSTEMPATH\Autoloader\Autoloader.php(267): CodeIgniter\Autoloader\Autoloader->loadInNamespace('Config\\Validation')
 3 [internal function]: CodeIgniter\Autoloader\Autoloader->loadClass('Config\\Validation')
 4 SYSTEMPATH\Config\Factories.php(155): class_exists('Config\\Validation')
 5 SYSTEMPATH\Config\Factories.php(125): CodeIgniter\Config\Factories::locateClass([...], 'Validation')
 6 SYSTEMPATH\Common.php(206): CodeIgniter\Config\Factories::__callStatic('config', [])
 7 SYSTEMPATH\Config\Services.php(753): config('Validation')
 8 SYSTEMPATH\Config\BaseService.php(252): CodeIgniter\Config\Services::validation(null, false)
 9 SYSTEMPATH\BaseModel.php(332): CodeIgniter\Config\BaseService::__callStatic('validation', [...])
10 SYSTEMPATH\Model.php(158): CodeIgniter\BaseModel->__construct(null)
11 APPPATH\Controllers\CantanteController.php(18): CodeIgniter\Model->__construct()
12 SYSTEMPATH\CodeIgniter.php(934): App\Controllers\CantanteController->index()
13 SYSTEMPATH\CodeIgniter.php(499): CodeIgniter\CodeIgniter->runController(Object(App\Controllers\CantanteController))
14 SYSTEMPATH\CodeIgniter.php(368): CodeIgniter\CodeIgniter->handleRequest(null, Object(Config\Cache), false)
15 FCPATH\index.php(67): CodeIgniter\CodeIgniter->run()
CRITICAL - 2023-02-15 19:58:48 --> Undefined variable $response
in APPPATH\Controllers\CantanteController.php on line 92.
 1 APPPATH\Controllers\CantanteController.php(92): CodeIgniter\Debug\Exceptions->errorHandler(2, 'Undefined variable $response', 'APPPATH\\Controllers\\CantanteController.php', 92)
 2 SYSTEMPATH\CodeIgniter.php(934): App\Controllers\CantanteController->update('18')
 3 SYSTEMPATH\CodeIgniter.php(499): CodeIgniter\CodeIgniter->runController(Object(App\Controllers\CantanteController))
 4 SYSTEMPATH\CodeIgniter.php(368): CodeIgniter\CodeIgniter->handleRequest(null, Object(Config\Cache), false)
 5 FCPATH\index.php(67): CodeIgniter\CodeIgniter->run()
CRITICAL - 2023-02-15 19:59:13 --> unlink(../public/uploads/): Is a directory
in APPPATH\Controllers\CantanteController.php on line 58.
 1 [internal function]: CodeIgniter\Debug\Exceptions->errorHandler(2, 'unlink(../public/uploads/): Is a directory', 'APPPATH\\Controllers\\CantanteController.php', 58)
 2 APPPATH\Controllers\CantanteController.php(58): unlink('FCPATH\\uploads')
 3 SYSTEMPATH\CodeIgniter.php(934): App\Controllers\CantanteController->delete('19')
 4 SYSTEMPATH\CodeIgniter.php(499): CodeIgniter\CodeIgniter->runController(Object(App\Controllers\CantanteController))
 5 SYSTEMPATH\CodeIgniter.php(368): CodeIgniter\CodeIgniter->handleRequest(null, Object(Config\Cache), false)
 6 FCPATH\index.php(67): CodeIgniter\CodeIgniter->run()
CRITICAL - 2023-02-15 19:59:17 --> unlink(../public/uploads/): Is a directory
in APPPATH\Controllers\CantanteController.php on line 58.
 1 [internal function]: CodeIgniter\Debug\Exceptions->errorHandler(2, 'unlink(../public/uploads/): Is a directory', 'APPPATH\\Controllers\\CantanteController.php', 58)
 2 APPPATH\Controllers\CantanteController.php(58): unlink('FCPATH\\uploads')
 3 SYSTEMPATH\CodeIgniter.php(934): App\Controllers\CantanteController->delete('19')
 4 SYSTEMPATH\CodeIgniter.php(499): CodeIgniter\CodeIgniter->runController(Object(App\Controllers\CantanteController))
 5 SYSTEMPATH\CodeIgniter.php(368): CodeIgniter\CodeIgniter->handleRequest(null, Object(Config\Cache), false)
 6 FCPATH\index.php(67): CodeIgniter\CodeIgniter->run()
CRITICAL - 2023-02-15 19:59:23 --> unlink(../public/uploads/): Is a directory
in APPPATH\Controllers\CantanteController.php on line 58.
 1 [internal function]: CodeIgniter\Debug\Exceptions->errorHandler(2, 'unlink(../public/uploads/): Is a directory', 'APPPATH\\Controllers\\CantanteController.php', 58)
 2 APPPATH\Controllers\CantanteController.php(58): unlink('FCPATH\\uploads')
 3 SYSTEMPATH\CodeIgniter.php(934): App\Controllers\CantanteController->delete('19')
 4 SYSTEMPATH\CodeIgniter.php(499): CodeIgniter\CodeIgniter->runController(Object(App\Controllers\CantanteController))
 5 SYSTEMPATH\CodeIgniter.php(368): CodeIgniter\CodeIgniter->handleRequest(null, Object(Config\Cache), false)
 6 FCPATH\index.php(67): CodeIgniter\CodeIgniter->run()
CRITICAL - 2023-02-15 20:00:12 --> unlink(../public/uploads/): Is a directory
in APPPATH\Controllers\CantanteController.php on line 58.
 1 [internal function]: CodeIgniter\Debug\Exceptions->errorHandler(2, 'unlink(../public/uploads/): Is a directory', 'APPPATH\\Controllers\\CantanteController.php', 58)
 2 APPPATH\Controllers\CantanteController.php(58): unlink('FCPATH\\uploads')
 3 SYSTEMPATH\CodeIgniter.php(934): App\Controllers\CantanteController->delete('19')
 4 SYSTEMPATH\CodeIgniter.php(499): CodeIgniter\CodeIgniter->runController(Object(App\Controllers\CantanteController))
 5 SYSTEMPATH\CodeIgniter.php(368): CodeIgniter\CodeIgniter->handleRequest(null, Object(Config\Cache), false)
 6 FCPATH\index.php(67): CodeIgniter\CodeIgniter->run()
CRITICAL - 2023-02-15 20:00:15 --> unlink(../public/uploads/): Is a directory
in APPPATH\Controllers\CantanteController.php on line 58.
 1 [internal function]: CodeIgniter\Debug\Exceptions->errorHandler(2, 'unlink(../public/uploads/): Is a directory', 'APPPATH\\Controllers\\CantanteController.php', 58)
 2 APPPATH\Controllers\CantanteController.php(58): unlink('FCPATH\\uploads')
 3 SYSTEMPATH\CodeIgniter.php(934): App\Controllers\CantanteController->delete('19')
 4 SYSTEMPATH\CodeIgniter.php(499): CodeIgniter\CodeIgniter->runController(Object(App\Controllers\CantanteController))
 5 SYSTEMPATH\CodeIgniter.php(368): CodeIgniter\CodeIgniter->handleRequest(null, Object(Config\Cache), false)
 6 FCPATH\index.php(67): CodeIgniter\CodeIgniter->run()
CRITICAL - 2023-02-15 20:00:23 --> unlink(../public/uploads/): Is a directory
in APPPATH\Controllers\CantanteController.php on line 58.
 1 [internal function]: CodeIgniter\Debug\Exceptions->errorHandler(2, 'unlink(../public/uploads/): Is a directory', 'APPPATH\\Controllers\\CantanteController.php', 58)
 2 APPPATH\Controllers\CantanteController.php(58): unlink('FCPATH\\uploads')
 3 SYSTEMPATH\CodeIgniter.php(934): App\Controllers\CantanteController->delete('19')
 4 SYSTEMPATH\CodeIgniter.php(499): CodeIgniter\CodeIgniter->runController(Object(App\Controllers\CantanteController))
 5 SYSTEMPATH\CodeIgniter.php(368): CodeIgniter\CodeIgniter->handleRequest(null, Object(Config\Cache), false)
 6 FCPATH\index.php(67): CodeIgniter\CodeIgniter->run()
CRITICAL - 2023-02-15 20:19:25 --> No hay datos para update
in SYSTEMPATH\BaseModel.php on line 1680.
 1 SYSTEMPATH\BaseModel.php(1680): CodeIgniter\Database\Exceptions\DataException::forEmptyDataset('update')
 2 SYSTEMPATH\BaseModel.php(910): CodeIgniter\BaseModel->transformDataToArray(null, 'update')
 3 SYSTEMPATH\Model.php(755): CodeIgniter\BaseModel->update([...], null)
 4 APPPATH\Controllers\CantanteController.php(97): CodeIgniter\Model->update([...])
 5 SYSTEMPATH\CodeIgniter.php(934): App\Controllers\CantanteController->update('21')
 6 SYSTEMPATH\CodeIgniter.php(499): CodeIgniter\CodeIgniter->runController(Object(App\Controllers\CantanteController))
 7 SYSTEMPATH\CodeIgniter.php(368): CodeIgniter\CodeIgniter->handleRequest(null, Object(Config\Cache), false)
 8 FCPATH\index.php(67): CodeIgniter\CodeIgniter->run()
CRITICAL - 2023-02-15 20:21:09 --> CodeIgniter\Validation\Validation::run(): Argument #1 ($data) must be of type ?array, CodeIgniter\HTTP\Files\UploadedFile given, called in C:\xampp\htdocs\PruebaSolstar\app\Controllers\CantanteController.php on line 86
in SYSTEMPATH\Validation\Validation.php on line 110.
 1 APPPATH\Controllers\CantanteController.php(86): CodeIgniter\Validation\Validation->run(Object(CodeIgniter\HTTP\Files\UploadedFile), 'imagen')
 2 SYSTEMPATH\CodeIgniter.php(934): App\Controllers\CantanteController->update('21')
 3 SYSTEMPATH\CodeIgniter.php(499): CodeIgniter\CodeIgniter->runController(Object(App\Controllers\CantanteController))
 4 SYSTEMPATH\CodeIgniter.php(368): CodeIgniter\CodeIgniter->handleRequest(null, Object(Config\Cache), false)
 5 FCPATH\index.php(67): CodeIgniter\CodeIgniter->run()
CRITICAL - 2023-02-15 20:21:17 --> CodeIgniter\Validation\Validation::run(): Argument #1 ($data) must be of type ?array, CodeIgniter\HTTP\Files\UploadedFile given, called in C:\xampp\htdocs\PruebaSolstar\app\Controllers\CantanteController.php on line 86
in SYSTEMPATH\Validation\Validation.php on line 110.
 1 APPPATH\Controllers\CantanteController.php(86): CodeIgniter\Validation\Validation->run(Object(CodeIgniter\HTTP\Files\UploadedFile), 'imagen')
 2 SYSTEMPATH\CodeIgniter.php(934): App\Controllers\CantanteController->update('21')
 3 SYSTEMPATH\CodeIgniter.php(499): CodeIgniter\CodeIgniter->runController(Object(App\Controllers\CantanteController))
 4 SYSTEMPATH\CodeIgniter.php(368): CodeIgniter\CodeIgniter->handleRequest(null, Object(Config\Cache), false)
 5 FCPATH\index.php(67): CodeIgniter\CodeIgniter->run()
CRITICAL - 2023-02-15 20:21:59 --> CodeIgniter\Validation\Validation::run(): Argument #1 ($data) must be of type ?array, CodeIgniter\HTTP\Files\UploadedFile given, called in C:\xampp\htdocs\PruebaSolstar\app\Controllers\CantanteController.php on line 86
in SYSTEMPATH\Validation\Validation.php on line 110.
 1 APPPATH\Controllers\CantanteController.php(86): CodeIgniter\Validation\Validation->run(Object(CodeIgniter\HTTP\Files\UploadedFile), 'imagen')
 2 SYSTEMPATH\CodeIgniter.php(934): App\Controllers\CantanteController->update('21')
 3 SYSTEMPATH\CodeIgniter.php(499): CodeIgniter\CodeIgniter->runController(Object(App\Controllers\CantanteController))
 4 SYSTEMPATH\CodeIgniter.php(368): CodeIgniter\CodeIgniter->handleRequest(null, Object(Config\Cache), false)
 5 FCPATH\index.php(67): CodeIgniter\CodeIgniter->run()
CRITICAL - 2023-02-15 20:22:23 --> CodeIgniter\Validation\Validation::run(): Argument #1 ($data) must be of type ?array, CodeIgniter\HTTP\Files\UploadedFile given, called in C:\xampp\htdocs\PruebaSolstar\app\Controllers\CantanteController.php on line 86
in SYSTEMPATH\Validation\Validation.php on line 110.
 1 APPPATH\Controllers\CantanteController.php(86): CodeIgniter\Validation\Validation->run(Object(CodeIgniter\HTTP\Files\UploadedFile), 'imagen')
 2 SYSTEMPATH\CodeIgniter.php(934): App\Controllers\CantanteController->update('21')
 3 SYSTEMPATH\CodeIgniter.php(499): CodeIgniter\CodeIgniter->runController(Object(App\Controllers\CantanteController))
 4 SYSTEMPATH\CodeIgniter.php(368): CodeIgniter\CodeIgniter->handleRequest(null, Object(Config\Cache), false)
 5 FCPATH\index.php(67): CodeIgniter\CodeIgniter->run()
CRITICAL - 2023-02-15 20:23:10 --> CodeIgniter\Validation\Validation::run(): Argument #1 ($data) must be of type ?array, CodeIgniter\HTTP\Files\UploadedFile given, called in C:\xampp\htdocs\PruebaSolstar\app\Controllers\CantanteController.php on line 86
in SYSTEMPATH\Validation\Validation.php on line 110.
 1 APPPATH\Controllers\CantanteController.php(86): CodeIgniter\Validation\Validation->run(Object(CodeIgniter\HTTP\Files\UploadedFile), 'imagen')
 2 SYSTEMPATH\CodeIgniter.php(934): App\Controllers\CantanteController->update('21')
 3 SYSTEMPATH\CodeIgniter.php(499): CodeIgniter\CodeIgniter->runController(Object(App\Controllers\CantanteController))
 4 SYSTEMPATH\CodeIgniter.php(368): CodeIgniter\CodeIgniter->handleRequest(null, Object(Config\Cache), false)
 5 FCPATH\index.php(67): CodeIgniter\CodeIgniter->run()
CRITICAL - 2023-02-15 20:25:37 --> CodeIgniter\Validation\Validation::run(): Argument #1 ($data) must be of type ?array, CodeIgniter\HTTP\Files\UploadedFile given, called in C:\xampp\htdocs\PruebaSolstar\app\Controllers\CantanteController.php on line 86
in SYSTEMPATH\Validation\Validation.php on line 110.
 1 APPPATH\Controllers\CantanteController.php(86): CodeIgniter\Validation\Validation->run(Object(CodeIgniter\HTTP\Files\UploadedFile), 'imagen')
 2 SYSTEMPATH\CodeIgniter.php(934): App\Controllers\CantanteController->update('21')
 3 SYSTEMPATH\CodeIgniter.php(499): CodeIgniter\CodeIgniter->runController(Object(App\Controllers\CantanteController))
 4 SYSTEMPATH\CodeIgniter.php(368): CodeIgniter\CodeIgniter->handleRequest(null, Object(Config\Cache), false)
 5 FCPATH\index.php(67): CodeIgniter\CodeIgniter->run()
CRITICAL - 2023-02-15 20:26:45 --> CodeIgniter\Validation\Validation::run(): Argument #1 ($data) must be of type ?array, CodeIgniter\HTTP\Files\UploadedFile given, called in C:\xampp\htdocs\PruebaSolstar\app\Controllers\CantanteController.php on line 86
in SYSTEMPATH\Validation\Validation.php on line 110.
 1 APPPATH\Controllers\CantanteController.php(86): CodeIgniter\Validation\Validation->run(Object(CodeIgniter\HTTP\Files\UploadedFile), 'imagen')
 2 SYSTEMPATH\CodeIgniter.php(934): App\Controllers\CantanteController->update('21')
 3 SYSTEMPATH\CodeIgniter.php(499): CodeIgniter\CodeIgniter->runController(Object(App\Controllers\CantanteController))
 4 SYSTEMPATH\CodeIgniter.php(368): CodeIgniter\CodeIgniter->handleRequest(null, Object(Config\Cache), false)
 5 FCPATH\index.php(67): CodeIgniter\CodeIgniter->run()
CRITICAL - 2023-02-15 20:27:40 --> CodeIgniter\Validation\Validation::run(): Argument #1 ($data) must be of type ?array, CodeIgniter\HTTP\Files\UploadedFile given, called in C:\xampp\htdocs\PruebaSolstar\app\Controllers\CantanteController.php on line 86
in SYSTEMPATH\Validation\Validation.php on line 110.
 1 APPPATH\Controllers\CantanteController.php(86): CodeIgniter\Validation\Validation->run(Object(CodeIgniter\HTTP\Files\UploadedFile), 'imagen')
 2 SYSTEMPATH\CodeIgniter.php(934): App\Controllers\CantanteController->update('21')
 3 SYSTEMPATH\CodeIgniter.php(499): CodeIgniter\CodeIgniter->runController(Object(App\Controllers\CantanteController))
 4 SYSTEMPATH\CodeIgniter.php(368): CodeIgniter\CodeIgniter->handleRequest(null, Object(Config\Cache), false)
 5 FCPATH\index.php(67): CodeIgniter\CodeIgniter->run()
CRITICAL - 2023-02-15 20:28:17 --> Array to string conversion
in APPPATH\Controllers\CantanteController.php on line 85.
 1 APPPATH\Controllers\CantanteController.php(85): CodeIgniter\Debug\Exceptions->errorHandler(2, 'Array to string conversion', 'APPPATH\\Controllers\\CantanteController.php', 85)
 2 SYSTEMPATH\CodeIgniter.php(934): App\Controllers\CantanteController->update('21')
 3 SYSTEMPATH\CodeIgniter.php(499): CodeIgniter\CodeIgniter->runController(Object(App\Controllers\CantanteController))
 4 SYSTEMPATH\CodeIgniter.php(368): CodeIgniter\CodeIgniter->handleRequest(null, Object(Config\Cache), false)
 5 FCPATH\index.php(67): CodeIgniter\CodeIgniter->run()
CRITICAL - 2023-02-15 20:39:22 --> Undefined variable $cantantesInfo
in APPPATH\Views\cantantes\Listar.php on line 17.
 1 APPPATH\Views\cantantes\Listar.php(17): CodeIgniter\Debug\Exceptions->errorHandler(2, 'Undefined variable $cantantesInfo', 'APPPATH\\Views\\cantantes\\Listar.php', 17)
 2 SYSTEMPATH\View\View.php(213): include('APPPATH\\Views\\cantantes\\Listar.php')
 3 SYSTEMPATH\View\View.php(216): CodeIgniter\View\View->CodeIgniter\View\{closure}()
 4 SYSTEMPATH\Common.php(1177): CodeIgniter\View\View->render('cantantes/Listar', [], true)
 5 APPPATH\Controllers\CantanteController.php(19): view('cantantes/Listar', [...])
 6 SYSTEMPATH\CodeIgniter.php(934): App\Controllers\CantanteController->index()
 7 SYSTEMPATH\CodeIgniter.php(499): CodeIgniter\CodeIgniter->runController(Object(App\Controllers\CantanteController))
 8 SYSTEMPATH\CodeIgniter.php(368): CodeIgniter\CodeIgniter->handleRequest(null, Object(Config\Cache), false)
 9 FCPATH\index.php(67): CodeIgniter\CodeIgniter->run()
CRITICAL - 2023-02-15 20:39:55 --> Undefined variable $cantantesInfo
in APPPATH\Views\cantantes\Listar.php on line 17.
 1 APPPATH\Views\cantantes\Listar.php(17): CodeIgniter\Debug\Exceptions->errorHandler(2, 'Undefined variable $cantantesInfo', 'APPPATH\\Views\\cantantes\\Listar.php', 17)
 2 SYSTEMPATH\View\View.php(213): include('APPPATH\\Views\\cantantes\\Listar.php')
 3 SYSTEMPATH\View\View.php(216): CodeIgniter\View\View->CodeIgniter\View\{closure}()
 4 SYSTEMPATH\Common.php(1177): CodeIgniter\View\View->render('cantantes/Listar', [], true)
 5 APPPATH\Controllers\CantanteController.php(19): view('cantantes/Listar', [...])
 6 SYSTEMPATH\CodeIgniter.php(934): App\Controllers\CantanteController->index()
 7 SYSTEMPATH\CodeIgniter.php(499): CodeIgniter\CodeIgniter->runController(Object(App\Controllers\CantanteController))
 8 SYSTEMPATH\CodeIgniter.php(368): CodeIgniter\CodeIgniter->handleRequest(null, Object(Config\Cache), false)
 9 FCPATH\index.php(67): CodeIgniter\CodeIgniter->run()
CRITICAL - 2023-02-15 20:40:02 --> Undefined variable $cantantesInfo
in APPPATH\Views\cantantes\Listar.php on line 17.
 1 APPPATH\Views\cantantes\Listar.php(17): CodeIgniter\Debug\Exceptions->errorHandler(2, 'Undefined variable $cantantesInfo', 'APPPATH\\Views\\cantantes\\Listar.php', 17)
 2 SYSTEMPATH\View\View.php(213): include('APPPATH\\Views\\cantantes\\Listar.php')
 3 SYSTEMPATH\View\View.php(216): CodeIgniter\View\View->CodeIgniter\View\{closure}()
 4 SYSTEMPATH\Common.php(1177): CodeIgniter\View\View->render('cantantes/Listar', [], true)
 5 APPPATH\Controllers\CantanteController.php(19): view('cantantes/Listar', [...])
 6 SYSTEMPATH\CodeIgniter.php(934): App\Controllers\CantanteController->index()
 7 SYSTEMPATH\CodeIgniter.php(499): CodeIgniter\CodeIgniter->runController(Object(App\Controllers\CantanteController))
 8 SYSTEMPATH\CodeIgniter.php(368): CodeIgniter\CodeIgniter->handleRequest(null, Object(Config\Cache), false)
 9 FCPATH\index.php(67): CodeIgniter\CodeIgniter->run()
CRITICAL - 2023-02-15 21:10:52 --> Undefined variable $cantantesInfo
in APPPATH\Views\cantantes\Listar.php on line 17.
 1 APPPATH\Views\cantantes\Listar.php(17): CodeIgniter\Debug\Exceptions->errorHandler(2, 'Undefined variable $cantantesInfo', 'APPPATH\\Views\\cantantes\\Listar.php', 17)
 2 SYSTEMPATH\View\View.php(213): include('APPPATH\\Views\\cantantes\\Listar.php')
 3 SYSTEMPATH\View\View.php(216): CodeIgniter\View\View->CodeIgniter\View\{closure}()
 4 SYSTEMPATH\Common.php(1177): CodeIgniter\View\View->render('cantantes/Listar', [], true)
 5 APPPATH\Controllers\CantanteController.php(19): view('cantantes/Listar', [...])
 6 SYSTEMPATH\CodeIgniter.php(934): App\Controllers\CantanteController->index()
 7 SYSTEMPATH\CodeIgniter.php(499): CodeIgniter\CodeIgniter->runController(Object(App\Controllers\CantanteController))
 8 SYSTEMPATH\CodeIgniter.php(368): CodeIgniter\CodeIgniter->handleRequest(null, Object(Config\Cache), false)
 9 FCPATH\index.php(67): CodeIgniter\CodeIgniter->run()
